27
PhoneUltrav1
MichalB ClementL HiroshiF PrabhakarR 
MapsUltrav3
BakhodirD 
WebserverProv6
TatiyanaC MatasW SergeyV SundarL 
DuoLitev3
BakhodirD TatiyanaC 
ChromeOSUltrav5
SundarA 
DrawingsXv6
SundarA PhilippK FionaF LarryO ClementM ThomasK MatasW LarryX BakhodirD ClementE 
WearOSLitev5
HiroshiF PrabhakarR NellyX MichalZ PhilippP ClementE SergeyU MatasW PhilippY 
MapsSv7
TatiyanaC SusanQ 
ChromeOSLitev3
SundarA JenK MatasC ClementE MatasW PhilippK NellyY LarryO 
StadiaZv2
NellyX MichalZ PhilippI PhilippP SundarP PhilippY 
SitesSv1
TatiyanaC LarryO 
AndroidAutoZv2
TatiyanaC BakhodirG PetarF PhilippP 
SlidesNextv2
FionaN FionaJ ClementT SergeyU ClementM JenK MatasC BakhodirG PetarF 
ShoppingProv8
PhilippP 
ReleaseUltrav1
TatiyanaC ClementM BenjaminT PhilippP 
AndroidTVMaxv5
PhilippP HiroshiW PhilippY 
ChartsProv9
SergeyU ClementL 
StreetViewProv9
PhilippY 
GmailSv4
JenZ ThomasK PhilippP 
StreetViewXv1
PhilippY SundarP FionaF 
DatasetSearchNextv1
SergeyN JenZ BakhodirG PetarF SundarA HiroshiF PrabhakarR ClementL SundarP 
CollectionsNextv1
LarryO 
SmartLitev9
SusanQ PhilippP SergeyN LarryO PhilippI MatasW 
VoiceProv8
SusanQ ThomasM ClementM FionaF StefanQ SergeyT PhilippH SergeyN 
CastOSXv6
PhilippP PhilippK MatasW SergeyN 
SkyLitev6
FionaN PhilippI 
FeedBurnerMaxv1
JenZ PhilippH 
