83
p4731
c524 c619 c35 c771 c238 c590 c242 c162 c92 c112 
p9313
c202 c678 c326 c685 c516 c76 c432 c113 
p2757
c21 c199 c649 
p665
c21 c737 c658 c232 c731 c343 c191 c578 
p9744
c665 c509 c0 c747 c713 c656 c235 
p5740
c92 c61 c746 c255 c619 c526 c660 c124 c365 c3 
p180
c797 c17 c239 c284 c510 c764 c394 c622 c447 
p4523
c301 c522 c103 c734 c183 c419 c193 c502 
p7787
c712 c432 c267 c522 c11 c460 
p97
c313 c482 c563 c269 c796 c417 c76 c210 
p7855
c591 c582 c14 c355 c198 c341 c636 c524 
p2466
c665 c618 c772 c441 c465 c608 c698 c289 
p5120
c370 c507 c640 c53 c534 c386 
p8225
c772 c764 
p9674
c61 c275 c635 
p6481
c585 
p9141
c597 
p9408
c332 
p9013
c112 c635 c182 c47 c786 c509 c794 
p3129
c645 c253 c177 c452 c762 
p3811
c51 c275 c571 c425 
p7567
c321 c681 c677 
p5422
c476 
p2854
c365 c332 c32 
p2348
c576 c390 c344 c384 c412 c149 c787 
p8560
c148 c474 c517 c767 c633 c527 c790 c239 
p9023
c338 c640 
p439
c402 c372 c29 c558 c612 c17 c681 c93 c575 c257 
p1097
c303 c497 c579 
p438
c351 c50 c440 c389 c183 c459 
p3187
c266 c244 c679 c713 c475 
p6638
c368 c444 c613 c754 c244 c497 c128 c338 
p3562
c352 c557 c349 c676 c593 
p8130
c298 c795 c482 
p9340
c474 
p9843
c548 c703 c160 c788 c376 c131 c610 c190 c296 
p3390
c779 c499 c464 c681 c434 c289 c34 c736 c443 
p5499
c493 c72 c555 
p2791
c96 c22 c55 c358 c519 c115 c670 c280 
p52
c345 c264 c436 c329 
p4947
c426 
p5564
c334 c719 c609 c323 c217 c144 c322 c117 
p1307
c407 
p5104
c59 c652 c625 c113 c635 c746 c738 
p9614
c694 c558 c169 c83 c513 c236 c301 
p2747
c613 c120 c352 c96 c185 
p1238
c602 c593 c464 c365 c553 c27 
p1095
c140 c272 c152 c579 c684 c231 
p4592
c546 c601 c790 c563 
p1445
c452 c313 c721 
p9165
c446 c264 c690 c655 c574 c328 c592 c483 c576 
p9081
c482 c27 c403 
p1323
c84 c53 c93 c1 c430 c366 c682 c154 c467 c229 
p7033
c613 c485 c90 c492 c655 c87 c580 c273 
p4061
c602 c157 c643 c527 c108 c198 
p8670
c782 c521 c96 
p481
c391 c573 
p1502
c101 c157 c437 c349 c734 c26 c654 c71 c37 c645 
p3761
c224 c252 c81 c362 c546 c735 c598 
p9387
c555 c726 c577 
p4420
c606 c696 c21 c739 c671 c381 c788 
p9529
c461 
p5934
c651 c42 c351 c758 c93 
p3428
c452 c726 c283 c270 c93 c392 c256 c575 c424 c755 
p5026
c156 c236 c43 c624 
p9522
c531 c450 c345 c292 c132 c496 
p7943
c634 c119 
p1157
c516 c797 c35 c593 c686 c115 c465 c194 
p8965
c449 
p1604
c113 c460 c127 c61 c690 c219 
p4003
c91 c420 c680 c432 c633 c181 c578 
p6030
c502 c447 c220 c87 c280 c358 
p8905
c378 c96 
p3991
c139 c176 c231 
p4389
c5 c201 c191 c776 c132 c220 
p4264
c397 c509 c140 c651 
p3848
c748 c93 c532 
p8024
c655 c638 c527 c75 
p6261
c219 
p8917
c531 c140 c577 c488 c8 c95 c48 c103 
p8829
c181 c327 
p1589
c1 c33 c597 c2 c652 c577 c121 c257 
p7183
c423 
