1635
0
1
cd-a 0
1
2
dab-b 7
ehb-b 1
2
6
bi-c 0
di-c 0
bih-c 0
dgc-c 0
fcd-c 10
dgj-c 0
3
6
cd-d 0
bjg-d 0
cbd-d 0
hcj-d 0
ii-d 5
bcb-d 4
4
3
d-e 0
cba-e 0
hic-e 22
5
7
e-f 0
bc-f 0
ff-f 0
bda-f 0
jcc-f 0
jbb-f 0
bdjf-f 2
6
6
bfg-g 0
ehc-g 0
iee-g 1
eie-g 1
gic-g 1
bedj-g 0
7
1
bfa-h 0
8
3
geg-i 12
gie-i 2
bahi-i 0
9
4
bi-j 0
ce-j 0
heg-j 1
fbj-j 19
10
2
bdi-ba 0
dhf-ba 0
11
8
bae-bb 0
gc-bb 0
bcb-bb 0
bee-bb 6
cd-bb 0
bcea-bb 0
bcef-bb 3
bgf-bb 1
12
6
ddf-bc 0
ccj-bc 0
dgf-bc 4
baid-bc 0
hbf-bc 2
daa-bc 1
13
3
cch-bd 2
cjb-bd 0
bejh-bd 2
14
4
fec-be 0
bbbj-be 1
babg-be 1
beai-be 8
15
2
hi-bf 3
dh-bf 0
16
7
bi-bg 0
jf-bg 0
iag-bg 0
fib-bg 0
gge-bg 0
bdii-bg 2
baae-bg 0
17
3
hjd-bh 0
ihi-bh 7
bgeh-bh 1
18
5
bc-bi 0
feh-bi 0
hej-bi 0
fic-bi 29
babg-bi 26
19
8
bc-bj 0
ch-bj 0
dg-bj 0
db-bj 0
dhf-bj 0
cii-bj 0
hcj-bj 0
bdbf-bj 0
20
4
cd-ca 0
bai-ca 0
dfg-ca 1
gjh-ca 8
21
3
dcc-cb 0
did-cb 0
edb-cb 1
22
4
ff-cc 0
dgf-cc 1
jgi-cc 0
badc-cc 1
23
6
bhd-cd 2
fae-cd 0
dbg-cd 14
gfa-cd 0
ffb-cd 9
bcaj-cd 1
24
4
bi-ce 0
ef-ce 0
jgf-ce 0
jag-ce 2
25
5
cc-cf 0
fhg-cf 0
eac-cf 9
bbci-cf 0
def-cf 2
26
7
ca-cg 0
eh-cg 0
chb-cg 2
deg-cg 0
deb-cg 0
bd-cg 3
hhc-cg 1
27
6
cd-ch 0
bjd-ch 0
dji-ch 1
ddb-ch 0
hch-ch 0
jgg-ch 2
28
5
hif-ci 0
gbg-ci 2
befi-ci 0
bffg-ci 15
hfh-ci 5
29
3
egd-cj 0
fbi-cj 0
bfgd-cj 4
30
8
ea-da 0
bhd-da 3
eej-da 1
bdf-da 2
gda-da 0
fai-da 3
bcei-da 3
beib-da 2
31
7
bc-db 0
cd-db 0
gi-db 0
bgj-db 0
cbh-db 1
cfj-db 0
bbde-db 8
32
6
ecg-dc 0
iag-dc 0
jbf-dc 0
iej-dc 63
ifh-dc 3
bbgj-dc 3
33
3
fc-dd 0
dfg-dd 0
babg-dd 2
34
4
di-de 1
bhe-de 0
ghj-de 0
eih-de 0
35
5
gc-df 0
igi-df 5
iei-df 0
ibf-df 0
bfgb-df 27
36
8
cee-dg 1
bed-dg 0
hah-dg 8
bcii-dg 8
bdfc-dg 0
bcag-dg 2
bebe-dg 6
bgfe-dg 2
37
5
dc-dh 0
db-dh 0
hha-dh 13
gcd-dh 1
bagf-dh 41
38
1
haf-di 78
39
3
cbh-dj 0
ef-dj 0
gdb-dj 0
40
6
dbb-ea 0
cgg-ea 0
jjh-ea 1
jff-ea 0
eee-ea 0
fda-ea 0
41
3
hac-eb 0
cdi-eb 9
bbfc-eb 13
42
5
fi-ec 2
fc-ec 0
ege-ec 2
ci-ec 0
cdc-ec 11
43
5
eb-ed 0
ech-ed 1
edf-ed 0
bcia-ed 6
bfdc-ed 1
44
3
ejg-ee 0
cfb-ee 0
bacc-ee 0
45
7
bgd-ef 0
bgb-ef 0
cij-ef 0
egh-ef 0
ige-ef 5
cih-ef 4
beeh-ef 1
46
5
bcd-eg 0
bdj-eg 0
cbg-eg 0
ffd-eg 0
ggg-eg 19
47
5
bjb-eh 0
fdd-eh 0
bbfg-eh 6
gdh-eh 7
bbei-eh 1
48
6
bb-ei 0
cbh-ei 0
dff-ei 0
bbje-ei 0
jfj-ei 6
bcjf-ei 1
49
3
cd-ej 0
jia-ej 0
baig-ej 6
50
6
bcb-fa 0
hg-fa 0
bc-fa 1
bhg-fa 0
jji-fa 1
dhe-fa 12
51
3
bdc-fb 5
dfa-fb 3
bcch-fb 1
52
5
jb-fc 0
bcj-fc 0
eab-fc 0
fif-fc 10
bfch-fc 27
53
4
je-fd 0
dd-fd 0
daf-fd 0
dhe-fd 0
54
1
jic-fe 1
55
7
ic-ff 0
bdf-ff 0
dbd-ff 0
bed-ff 0
cje-ff 1
bdcg-ff 0
gb-ff 8
56
1
bfaf-fg 1
57
7
d-fh 1
bdb-fh 0
ccb-fh 1
jh-fh 0
jie-fh 0
jjd-fh 0
bejb-fh 5
58
3
fg-fi 0
hee-fi 1
bfdg-fi 8
59
7
ff-fj 0
bea-fj 0
dbg-fj 3
ddg-fj 0
hfh-fj 0
ifd-fj 1
bcha-fj 0
60
6
cg-ga 1
cih-ga 0
dac-ga 1
eah-ga 0
bi-ga 10
fga-ga 27
61
2
bbeb-gb 0
bbjc-gb 6
62
6
e-gc 0
j-gc 0
bga-gc 0
eie-gc 14
bdfa-gc 26
gge-gc 40
63
8
dbf-gd 0
cfj-gd 2
dai-gd 1
icd-gd 0
je-gd 0
daj-gd 2
gfb-gd 0
bfgc-gd 6
64
2
g-ge 0
dfi-ge 0
65
1
cgh-gf 0
66
5
jdj-gg 0
cdh-gg 27
jhg-gg 1
idf-gg 1
bfjf-gg 45
67
3
bh-gh 0
jci-gh 0
bddh-gh 3
68
3
cbe-gi 1
bcff-gi 12
ch-gi 0
69
3
edh-gj 0
gjj-gj 1
baad-gj 0
70
3
bda-ha 0
db-ha 3
ecc-ha 0
71
2
efh-hb 7
iaa-hb 3
72
4
gg-hc 0
cif-hc 0
dbf-hc 4
ejc-hc 10
74
7
bcd-he 0
bgi-he 2
gij-he 1
gig-he 0
bcjc-he 7
bebb-he 1
hc-he 1
75
4
da-hf 0
dah-hf 0
hie-hf 2
bdbc-hf 1
76
4
dfj-hg 0
bja-hg 7
gbd-hg 2
cgj-hg 2
77
7
bdh-hh 0
caa-hh 0
cae-hh 1
bjb-hh 2
jae-hh 0
gcj-hh 5
beic-hh 0
78
5
fa-hi 0
bac-hi 0
ihf-hi 3
baec-hi 43
iba-hi 43
79
3
di-hj 0
gfg-hj 4
jfc-hj 46
80
4
di-ia 0
ccc-ia 0
bdjd-ia 0
bfeh-ia 1
81
4
gia-ib 1
ghd-ib 2
dea-ib 0
dad-ib 0
82
3
cgi-ic 0
fdf-ic 0
bedh-ic 4
83
4
ej-id 1
ebd-id 1
gbg-id 6
eab-id 106
84
5
bjd-ie 0
dej-ie 0
haj-ie 0
fbb-ie 0
eeh-ie 0
85
3
di-if 0
bcge-if 9
bfce-if 3
86
2
egf-ig 0
baif-ig 0
87
3
bba-ih 0
cgh-ih 4
bcfj-ih 1
88
6
chf-ii 23
eig-ii 1
bacd-ii 1
dgc-ii 2
bacj-ii 7
bgfi-ii 1
89
4
dbi-ij 0
fbc-ij 0
bcd-ij 2
ife-ij 1
90
3
bei-ja 0
fef-ja 0
hij-ja 8
91
4
jc-jb 0
bhe-jb 0
bc-jb 0
ehi-jb 0
92
6
hj-jc 0
gbe-jc 1
gii-jc 0
fci-jc 0
babi-jc 53
bbjg-jc 43
93
2
cae-jd 0
fhj-jd 0
94
6
bbi-je 0
bi-je 5
fcf-je 1
bfc-je 9
gdf-je 6
bfgb-je 2
95
3
dfc-jf 0
iae-jf 0
gbd-jf 1
96
3
ec-jg 0
beb-jg 1
daf-jg 64
97
6
ei-jh 0
ecj-jh 0
bcbf-jh 2
dai-jh 5
hib-jh 11
bbfg-jh 130
98
5
gbe-ji 0
idd-ji 0
bccj-ji 2
bdjh-ji 7
beaa-ji 1
99
3
dej-jj 3
bcee-jj 5
fgf-jj 3
100
5
bfg-baa 1
dfi-baa 0
fhg-baa 2
efg-baa 12
dig-baa 13
101
4
chf-bab 7
ede-bab 3
jhg-bab 1
eic-bab 3
102
5
hj-bac 1
da-bac 0
hfi-bac 0
gja-bac 7
bfe-bac 12
103
3
bfi-bad 0
bha-bad 1
jid-bad 3
104
4
cd-bae 0
bdga-bae 21
dgj-bae 1
ceg-bae 1
105
5
cgb-baf 0
cbg-baf 0
bcb-baf 1
cj-baf 2
bdbh-baf 13
106
7
bcc-bag 0
dad-bag 0
ede-bag 0
fic-bag 0
bbfi-bag 0
baab-bag 0
bfce-bag 0
107
6
deg-bah 5
ddf-bah 0
hbf-bah 5
bbcc-bah 1
ifd-bah 4
gjh-bah 23
108
2
bda-bai 6
cfj-bai 10
109
6
db-baj 0
bda-baj 0
ddb-baj 0
chf-baj 0
eg-baj 1
cjg-baj 0
110
5
hi-bba 0
je-bba 1
dic-bba 1
gdc-bba 4
fbe-bba 3
111
4
bdh-bbb 0
edb-bbb 0
fdh-bbb 2
d-bbb 1
112
5
dbb-bbc 0
jje-bbc 3
gbg-bbc 0
chf-bbc 37
dgb-bbc 1
113
2
bja-bbd 0
gca-bbd 0
114
3
cie-bbe 1
ehd-bbe 2
cb-bbe 0
115
5
fj-bbf 1
bej-bbf 0
dfc-bbf 1
bage-bbf 15
bei-bbf 25
116
6
cbd-bbg 0
bbbj-bbg 2
gdc-bbg 7
eba-bbg 2
eg-bbg 3
iff-bbg 11
117
3
ehi-bbh 4
gjh-bbh 5
bacc-bbh 149
118
9
bca-bbi 0
cea-bbi 0
beb-bbi 0
ib-bbi 0
gfd-bbi 2
cbb-bbi 0
ige-bbi 0
bech-bbi 0
beeh-bbi 50
119
7
bbf-bbj 0
gjh-bbj 0
eh-bbj 4
baja-bbj 1
bbag-bbj 4
fag-bbj 90
ige-bbj 0
120
6
cc-bca 0
bae-bca 0
eae-bca 1
gae-bca 0
cji-bca 1
gaf-bca 0
121
4
bbdg-bcb 5
fba-bcb 16
bdea-bcb 0
bbgc-bcb 4
122
7
bjd-bcc 0
jg-bcc 0
gfi-bcc 1
hgb-bcc 0
bebg-bcc 1
bbab-bcc 12
bbff-bcc 68
123
5
gc-bcd 0
ddj-bcd 2
jec-bcd 3
eed-bcd 11
iie-bcd 0
124
8
bb-bce 0
ccc-bce 0
fed-bce 0
gef-bce 8
edi-bce 4
bi-bce 4
bagd-bce 4
gc-bce 4
125
4
deg-bcf 1
cea-bcf 4
ddj-bcf 2
gih-bcf 1
126
7
di-bcg 0
dbg-bcg 0
cah-bcg 0
bhj-bcg 0
g-bcg 0
hcj-bcg 0
dgg-bcg 0
127
6
bfc-bch 0
dfd-bch 0
ecb-bch 3
gad-bch 9
fbh-bch 9
bgbf-bch 3
128
7
bbc-bci 0
fi-bci 0
fag-bci 1
bagb-bci 11
bbhe-bci 45
bcbc-bci 6
bbf-bci 2
129
7
bbf-bcj 1
bah-bcj 2
cjh-bcj 0
eac-bcj 0
iff-bcj 30
cjg-bcj 0
icj-bcj 1
130
6
ia-bda 0
fbe-bda 0
dhg-bda 4
eh-bda 4
ffa-bda 33
dfj-bda 7
131
8
bfc-bdb 0
djh-bdb 1
bhb-bdb 0
cda-bdb 0
fib-bdb 0
jbg-bdb 0
efd-bdb 9
deh-bdb 2
132
9
bec-bdc 0
fee-bdc 16
bbfe-bdc 1
bbjh-bdc 2
bbah-bdc 1
fdc-bdc 4
jbg-bdc 3
cfc-bdc 0
bfea-bdc 9
133
5
bja-bdd 0
efa-bdd 0
bcgc-bdd 13
bjf-bdd 0
bece-bdd 5
134
6
bdh-bde 0
hhi-bde 0
iah-bde 1
bba-bde 0
gge-bde 1
beec-bde 0
135
6
hc-bdf 0
bhe-bdf 0
gbf-bdf 4
gea-bdf 12
hcg-bdf 28
bbab-bdf 11
136
8
bcc-bdg 0
ch-bdg 0
dhi-bdg 0
jdg-bdg 3
bahh-bdg 24
djj-bdg 0
cha-bdg 3
bbij-bdg 13
137
4
edg-bdh 2
feh-bdh 3
ce-bdh 1
jjg-bdh 6
138
6
ich-bdi 1
gci-bdi 9
iic-bdi 40
bcfj-bdi 0
bffi-bdi 1
jbe-bdi 1
139
7
ffb-bdj 0
igb-bdj 0
igg-bdj 0
bbbh-bdj 0
jfe-bdj 14
geh-bdj 19
hhc-bdj 1
140
4
dgb-bea 0
dgc-bea 5
cdh-bea 0
fif-bea 0
141
8
cbg-beb 1
cbe-beb 0
fe-beb 0
dci-beb 2
edh-beb 2
ffd-beb 0
djg-beb 2
hia-beb 30
142
8
hj-bec 7
eei-bec 2
bdh-bec 0
ii-bec 4
ica-bec 1
bdei-bec 11
hff-bec 0
hea-bec 12
143
6
bhc-bed 0
cfa-bed 0
ica-bed 1
feh-bed 1
cd-bed 17
begd-bed 2
144
5
cfa-bee 0
gjd-bee 2
dfg-bee 1
bbej-bee 0
bgbe-bee 100
145
4
bjd-bef 1
dai-bef 4
jei-bef 1
fgj-bef 4
146
5
bja-beg 0
ea-beg 0
bef-beg 2
fei-beg 2
hgd-beg 0
147
9
hi-beh 4
ef-beh 1
bab-beh 3
cia-beh 1
ih-beh 0
ccg-beh 1
ieh-beh 27
gdd-beh 0
jbj-beh 2
148
5
fge-bei 10
jbi-bei 1
bcgi-bei 7
becg-bei 0
jca-bei 22
149
5
cdi-bej 0
bdb-bej 0
dbi-bej 1
bec-bej 4
fif-bej 12
150
5
ddd-bfa 0
cjd-bfa 9
egg-bfa 1
cdf-bfa 1
ifi-bfa 0
151
2
fda-bfb 0
bdji-bfb 10
152
9
dhb-bfc 1
cdb-bfc 0
fbb-bfc 0
cei-bfc 1
fcb-bfc 1
ifh-bfc 2
gbi-bfc 3
dcb-bfc 36
bafi-bfc 4
153
4
bif-bfd 0
cie-bfd 2
haa-bfd 2
jgi-bfd 1
154
5
cgh-bfe 3
hff-bfe 0
baea-bfe 11
dch-bfe 13
gbc-bfe 3
155
4
fdh-bff 0
gfe-bff 5
eec-bff 6
bcie-bff 2
156
8
bef-bfg 0
hj-bfg 3
fh-bfg 0
dae-bfg 0
be-bfg 0
efi-bfg 1
hhe-bfg 3
bgac-bfg 27
157
4
baf-bfh 0
bae-bfh 0
eaa-bfh 1
gcj-bfh 0
158
7
bacf-bfi 0
ich-bfi 0
idg-bfi 2
jhe-bfi 0
gaa-bfi 40
ecj-bfi 0
bgci-bfi 77
159
5
ded-bfj 0
gce-bfj 0
gif-bfj 2
jjj-bfj 5
bii-bfj 4
160
3
dij-bga 0
efe-bga 4
hbd-bga 20
161
6
dff-bgb 1
hea-bgb 57
bahe-bgb 2
bcga-bgb 1
bedd-bgb 4
cgc-bgb 9
162
7
fd-bgc 0
cdb-bgc 0
ehc-bgc 0
cff-bgc 0
ffi-bgc 0
cgd-bgc 3
bdeh-bgc 5
163
5
f-bgd 0
gd-bgd 1
edg-bgd 9
dbj-bgd 0
bgdh-bgd 3
164
3
d-bge 2
hci-bge 13
jif-bge 13
165
4
bie-bgf 0
bd-bgf 0
baih-bgf 0
iaa-bgf 9
166
6
id-bgg 0
babe-bgg 0
ehg-bgg 12
bcaa-bgg 12
heh-bgg 9
bdde-bgg 2
167
5
dbg-bgh 5
cej-bgh 1
cgg-bgh 0
be-bgh 1
bfgh-bgh 3
168
8
cej-bgi 0
baa-bgi 1
eij-bgi 2
bhh-bgi 3
bc-bgi 1
cbi-bgi 9
dda-bgi 0
daj-bgi 18
169
5
djh-bgj 0
hbh-bgj 0
jai-bgj 1
hch-bgj 1
bffe-bgj 1
170
8
fh-bha 1
ccd-bha 0
ddd-bha 0
edd-bha 0
bff-bha 0
bde-bha 1
bi-bha 2
gi-bha 29
171
6
jh-bhb 0
cda-bhb 0
ih-bhb 1
hhd-bhb 9
fcb-bhb 1
bfbi-bhb 1
172
6
bfe-bhc 3
edf-bhc 1
eje-bhc 1
gfg-bhc 1
bbfd-bhc 38
bagf-bhc 11
173
4
bcb-bhd 0
hj-bhd 2
gii-bhd 1
eed-bhd 4
174
5
bgj-bhe 0
chd-bhe 2
ebi-bhe 0
cfe-bhe 9
daa-bhe 99
175
6
dgi-bhf 1
ech-bhf 3
cgi-bhf 0
ca-bhf 0
jga-bhf 0
bci-bhf 7
176
7
cbg-bhg 0
bci-bhg 0
cfi-bhg 1
baf-bhg 2
cdi-bhg 31
iga-bhg 3
babb-bhg 2
177
4
cbc-bhh 0
cch-bhh 2
efe-bhh 5
bai-bhh 1
178
5
cdb-bhi 0
eaj-bhi 18
ibh-bhi 10
gbb-bhi 2
bacb-bhi 0
179
7
hg-bhj 1
fha-bhj 1
ghd-bhj 2
cb-bhj 1
dbf-bhj 0
bafb-bhj 25
hbc-bhj 1
180
4
hi-bia 1
cch-bia 3
dac-bia 0
bjg-bia 0
181
3
hjj-bib 0
fhc-bib 1
eae-bib 118
182
4
dc-bic 0
baa-bic 2
hdc-bic 0
eee-bic 1
183
4
dec-bid 0
beh-bid 1
bef-bid 1
bajd-bid 0
184
11
bbc-bie 0
bae-bie 0
bef-bie 0
dbe-bie 0
bcc-bie 1
cdc-bie 0
cfe-bie 0
hdd-bie 3
eig-bie 1
bde-bie 2
bcai-bie 1
185
5
cji-bif 1
je-bif 0
bahf-bif 0
babf-bif 37
bgcg-bif 82
186
2
deg-big 3
bdde-big 1
187
4
ccj-bih 0
dcf-bih 7
hef-bih 1
bcff-bih 37
188
5
dfa-bii 1
bga-bii 2
ejd-bii 2
caj-bii 0
bcej-bii 5
189
6
bcj-bij 0
eab-bij 0
cha-bij 6
gfi-bij 0
cia-bij 5
ba-bij 0
190
3
dig-bja 0
ded-bja 16
dca-bja 190
191
4
db-bjb 1
bbee-bjb 7
bcdb-bjb 5
fed-bjb 1
192
5
ibe-bjc 2
bagc-bjc 0
eia-bjc 0
baad-bjc 8
ggh-bjc 0
193
5
di-bjd 0
gd-bjd 0
bij-bjd 1
hdg-bjd 93
ghb-bjd 24
194
4
dgf-bje 0
eja-bje 0
ecd-bje 54
cga-bje 6
195
6
hie-bjf 0
hii-bjf 3
ecg-bjf 19
baff-bjf 183
bccc-bjf 0
hic-bjf 28
196
3
cec-bjg 1
dih-bjg 3
df-bjg 2
197
6
bcb-bjh 2
eah-bjh 0
cd-bjh 4
gfd-bjh 0
jeb-bjh 1
djg-bjh 0
198
4
dbg-bji 0
cgh-bji 0
fdj-bji 0
beeb-bji 15
199
4
jhe-bjj 17
edg-bjj 1
gci-bjj 33
baad-bjj 190
200
6
dhc-caa 0
jgd-caa 0
ecb-caa 2
bafd-caa 1
hfg-caa 1
djj-caa 2
201
6
bdg-cab 15
daf-cab 0
bef-cab 1
cjd-cab 5
jca-cab 0
jbg-cab 1
202
5
cgd-cac 0
djc-cac 2
bbdh-cac 1
dbf-cac 11
fid-cac 10
203
3
edd-cad 0
ege-cad 1
icg-cad 2
204
8
cci-cae 0
bea-cae 0
gdi-cae 1
chb-cae 1
bcb-cae 8
jcd-cae 2
bccg-cae 6
hhb-cae 6
205
3
bafb-caf 51
gag-caf 2
ghc-caf 0
206
4
bbg-cag 0
cie-cag 11
fbi-cag 1
ebb-cag 1
207
6
cce-cah 1
fde-cah 0
fac-cah 1
ih-cah 1
bahc-cah 2
bebe-cah 7
208
2
jda-cai 0
gdb-cai 0
209
4
jh-caj 0
eba-caj 0
eji-caj 3
ghh-caj 3
210
4
bfi-cba 0
bccb-cba 4
bbjf-cba 77
bgdd-cba 44
211
5
ca-cbb 0
be-cbb 1
da-cbb 0
cge-cbb 5
ihc-cbb 4
212
2
efg-cbc 133
bcdg-cbc 66
213
8
ehe-cbd 1
bif-cbd 1
chb-cbd 1
eag-cbd 4
bcdc-cbd 7
cec-cbd 2
jej-cbd 1
jfc-cbd 118
214
1
bbcc-cbe 31
215
3
ceb-cbf 0
cdj-cbf 0
bff-cbf 1
216
4
bdg-cbg 0
hjj-cbg 2
bbfi-cbg 38
becj-cbg 49
217
5
ej-cbh 1
bfg-cbh 0
caj-cbh 0
bhi-cbh 12
jhi-cbh 3
218
3
bdi-cbi 0
ede-cbi 40
ebh-cbi 0
219
5
db-cbj 1
dcf-cbj 1
hi-cbj 1
jec-cbj 0
gjj-cbj 7
220
6
cbe-cca 0
bbi-cca 0
ihg-cca 0
ehi-cca 0
bbdb-cca 1
eea-cca 1
221
6
bjj-ccb 1
eig-ccb 0
ejj-ccb 1
d-ccb 0
ddd-ccb 1
jeh-ccb 1
222
3
eag-ccc 6
bcda-ccc 2
jfh-ccc 15
223
6
cjf-ccd 1
ecd-ccd 1
dhh-ccd 0
eae-ccd 0
feh-ccd 1
bajb-ccd 7
224
4
bdc-cce 0
daf-cce 0
hdf-cce 0
bceh-cce 5
225
7
dca-ccf 9
hcc-ccf 0
ghd-ccf 0
jeg-ccf 0
ihi-ccf 77
ga-ccf 6
bfdd-ccf 0
226
7
bih-ccg 0
fhh-ccg 0
ide-ccg 0
hde-ccg 0
ijd-ccg 1
bahi-ccg 1
hjh-ccg 0
227
4
bhe-cch 1
baaf-cch 20
ice-cch 0
egd-cch 41
228
4
ceb-cci 0
haf-cci 3
bgbg-cci 27
bbfd-cci 25
229
6
cch-ccj 3
eeb-ccj 6
gdf-ccj 4
hji-ccj 22
bch-ccj 0
j-ccj 0
230
3
dd-cda 2
jae-cda 2
ejd-cda 3
231
4
fcf-cdb 1
jaa-cdb 4
bff-cdb 1
ejg-cdb 63
232
6
ccj-cdc 0
gac-cdc 0
eb-cdc 0
fad-cdc 3
ddj-cdc 5
hjg-cdc 0
233
2
db-cdd 5
bebi-cdd 18
234
7
bjb-cde 0
fff-cde 0
bi-cde 1
bj-cde 0
gge-cde 4
hhb-cde 5
bdia-cde 3
235
5
iee-cdf 2
fjc-cdf 120
badh-cdf 1
bhj-cdf 3
dfa-cdf 1
236
6
bdf-cdg 3
eif-cdg 0
cid-cdg 0
gcf-cdg 1
dff-cdg 77
bfjd-cdg 4
237
3
gd-cdh 0
gfd-cdh 2
bbja-cdh 118
238
4
deb-cdi 1
jbc-cdi 2
j-cdi 11
beha-cdi 43
239
3
chh-cdj 0
ega-cdj 13
hgg-cdj 2
240
7
if-cea 0
be-cea 0
cfi-cea 1
cac-cea 0
gbi-cea 2
jaj-cea 33
che-cea 21
241
6
bch-ceb 1
cii-ceb 1
dfe-ceb 3
bfj-ceb 6
dhh-ceb 3
bdea-ceb 203
242
4
bdg-cec 2
bbc-cec 1
bajb-cec 11
bad-cec 4
243
3
cah-ced 3
efg-ced 1
bbgc-ced 19
244
3
eej-cee 4
jhc-cee 0
ic-cee 10
245
4
dab-cef 2
bfi-cef 4
bbec-cef 0
bha-cef 5
246
4
bfa-ceg 0
cah-ceg 6
iag-ceg 5
gdg-ceg 5
247
4
bje-ceh 1
cic-ceh 1
eeg-ceh 3
gdd-ceh 3
248
5
bfb-cei 0
dgf-cei 1
ehj-cei 0
ddf-cei 0
fhi-cei 1
249
8
bda-cej 0
ef-cej 0
dif-cej 5
gig-cej 0
jej-cej 0
bbee-cej 9
bbeg-cej 10
bh-cej 16
250
5
eb-cfa 0
gei-cfa 37
hdi-cfa 5
ice-cfa 10
bdhb-cfa 48
251
7
fc-cfb 0
fgg-cfb 2
g-cfb 3
cea-cfb 1
gje-cfb 2
baga-cfb 1
fhe-cfb 7
252
3
eca-cfc 0
gef-cfc 3
ieg-cfc 1
253
6
ccg-cfd 1
cje-cfd 5
geb-cfd 4
a-cfd 0
bchd-cfd 21
bcdh-cfd 1
254
2
jf-cfe 3
ijc-cfe 25
255
5
egj-cff 0
hjf-cff 2
bafc-cff 25
hda-cff 9
ejg-cff 48
256
4
ej-cfg 6
bbdg-cfg 15
bfdb-cfg 10
gic-cfg 2
257
7
baj-cfh 0
bee-cfh 1
gbg-cfh 0
cid-cfh 1
fjh-cfh 2
bbee-cfh 2
cie-cfh 102
258
5
eec-cfi 1
chd-cfi 1
badf-cfi 1
bcfi-cfi 3
dhi-cfi 12
259
6
bd-cfj 0
beb-cfj 3
fh-cfj 0
dib-cfj 0
efb-cfj 0
cfi-cfj 16
260
7
dh-cga 1
chf-cga 6
cah-cga 1
cgd-cga 2
bhb-cga 14
chj-cga 3
bcjf-cga 82
261
5
dch-cgb 1
dhd-cgb 1
da-cgb 30
gdf-cgb 14
deb-cgb 18
262
6
fji-cgc 1
hdb-cgc 1
cdb-cgc 0
ica-cgc 3
ee-cgc 1
hfc-cgc 3
263
6
dcj-cgd 2
dcf-cgd 21
bec-cgd 1
bafi-cgd 3
bafd-cgd 9
bajg-cgd 0
264
6
fh-cge 0
ea-cge 0
cci-cge 1
bfc-cge 5
hai-cge 0
bba-cge 2
265
5
dej-cgf 2
fcc-cgf 20
gie-cgf 1
ibe-cgf 2
bgbh-cgf 22
266
5
bii-cgg 0
bdh-cgg 1
fhc-cgg 9
dib-cgg 0
bgae-cgg 1
267
5
hif-cgh 0
cag-cgh 11
babb-cgh 3
bdhc-cgh 383
hc-cgh 13
268
5
daf-cgi 0
djh-cgi 1
fdh-cgi 11
ia-cgi 0
baaa-cgi 83
269
4
eag-cgj 5
dgg-cgj 0
fei-cgj 1
ifi-cgj 7
270
6
dcb-cha 6
bhi-cha 0
dhj-cha 2
egj-cha 6
gfh-cha 4
ged-cha 10
271
3
eci-chb 1
fff-chb 5
bcbi-chb 15
272
5
fjc-chc 0
hba-chc 1
jfb-chc 1
jhd-chc 16
bbfj-chc 5
273
4
dfj-chd 3
ebh-chd 2
cjc-chd 2
bfbg-chd 43
274
4
dbj-che 0
eah-che 0
dej-che 0
befj-che 19
275
5
did-chf 0
ehb-chf 0
hfb-chf 1
fch-chf 6
eca-chf 81
276
4
fc-chg 0
hja-chg 1
iab-chg 3
edh-chg 2
277
4
ca-chh 1
ddj-chh 1
cid-chh 1
cbb-chh 1
278
6
cee-chi 0
ibj-chi 2
hga-chi 0
bbea-chi 15
bbc-chi 59
jeh-chi 3
279
6
dia-chj 0
fg-chj 1
bgh-chj 0
jg-chj 0
fjd-chj 0
hhi-chj 3
280
4
eie-cia 4
jej-cia 3
cce-cia 0
jj-cia 1
281
5
eha-cib 60
hh-cib 3
bdhh-cib 41
bcce-cib 5
bdhb-cib 10
282
5
bbi-cic 1
igc-cic 1
ifd-cic 1
jce-cic 1
dhi-cic 12
283
11
bdh-cid 1
dfa-cid 0
ehb-cid 1
fcf-cid 6
ebi-cid 3
fic-cid 0
dfd-cid 2
bii-cid 0
hgg-cid 2
cjb-cid 24
cab-cid 3
284
3
bih-cie 1
jfi-cie 216
gg-cie 104
285
8
dcb-cif 0
dgb-cif 1
dae-cif 1
gfe-cif 1
idd-cif 0
baed-cif 0
bbai-cif 2
bcja-cif 109
286
6
eef-cig 0
dge-cig 0
hbj-cig 6
hdd-cig 0
hai-cig 0
bbac-cig 1
287
2
cda-cih 2
icg-cih 216
288
6
cah-cii 1
dad-cii 1
gbi-cii 3
gc-cii 0
ggd-cii 3
baha-cii 16
289
4
bgi-cij 0
cch-cij 0
dgf-cij 4
ch-cij 1
290
6
ead-cja 4
ehg-cja 6
dge-cja 0
hcj-cja 10
ija-cja 2
bcaa-cja 10
291
4
eei-cjb 0
jbi-cjb 3
bagh-cjb 2
beba-cjb 32
292
4
db-cjc 1
bada-cjc 26
bcih-cjc 9
bfgi-cjc 142
293
2
eje-cjd 6
bdaa-cjd 36
294
3
bbi-cje 9
cea-cje 19
fje-cje 1
295
3
egf-cjf 0
cgb-cjf 1
dba-cjf 2
296
1
cgb-cjg 5
297
5
dci-cjh 0
da-cjh 1
hhf-cjh 1
jfd-cjh 3
he-cjh 0
298
6
bee-cji 0
id-cji 1
hbd-cji 1
dbj-cji 0
bdce-cji 11
bdcg-cji 0
299
6
cc-cjj 1
bgh-cjj 2
fci-cjj 0
jah-cjj 87
bcie-cjj 2
bfeb-cjj 23
300
6
fh-daa 2
ih-daa 2
edd-daa 3
bbhc-daa 18
jjb-daa 24
bfde-daa 65
301
6
ede-dab 0
hi-dab 52
icf-dab 0
cjh-dab 0
bace-dab 2
bef-dab 4
302
5
de-dac 1
bgi-dac 6
fgc-dac 3
dce-dac 9
iid-dac 9
303
4
dab-dad 6
gfe-dad 21
gcb-dad 10
gfd-dad 62
304
4
ebf-dae 0
baaa-dae 2
fce-dae 10
bcib-dae 65
305
7
cha-daf 1
badi-daf 84
bdag-daf 0
bddb-daf 2
bdcb-daf 54
fbb-daf 23
jae-daf 4
306
3
eb-dag 1
jg-dag 1
hcd-dag 6
307
4
cgi-dah 0
ihj-dah 1
ggg-dah 3
ehc-dah 3
308
6
dhc-dai 0
chh-dai 0
ebd-dai 0
bafa-dai 5
ejb-dai 1
bchi-dai 9
309
6
dce-daj 3
ebb-daj 0
fae-daj 1
fhj-daj 8
dhe-daj 3
geh-daj 29
310
3
bff-dba 2
gdh-dba 4
hhj-dba 40
311
4
dfc-dbb 0
eaa-dbb 127
dgi-dbb 0
cjb-dbb 3
312
2
dah-dbc 7
hca-dbc 14
313
5
bfg-dbd 6
bbg-dbd 1
ceg-dbd 1
gcb-dbd 64
bdjf-dbd 17
314
3
dfh-dbe 1
dac-dbe 1
bcaf-dbe 20
315
7
gdc-dbf 0
gib-dbf 219
ei-dbf 0
dac-dbf 1
eid-dbf 3
bbcb-dbf 2
baad-dbf 8
316
3
dab-dbg 18
iag-dbg 304
ffg-dbg 2
317
5
cid-dbh 0
cdb-dbh 1
caa-dbh 2
gfj-dbh 0
fha-dbh 21
318
5
ch-dbi 2
eia-dbi 2
fah-dbi 2
edd-dbi 14
bcaa-dbi 9
319
6
cgb-dbj 1
cg-dbj 1
dad-dbj 6
gjf-dbj 6
dhd-dbj 11
bb-dbj 3
320
5
badg-dca 1
bdii-dca 49
jbi-dca 167
a-dca 0
bda-dca 38
321
6
efg-dcb 2
gbj-dcb 3
eda-dcb 20
gad-dcb 23
jia-dcb 1
fi-dcb 5
322
9
eie-dcc 0
chf-dcc 9
cdd-dcc 0
di-dcc 13
ddf-dcc 1
jah-dcc 22
heg-dcc 3
fbb-dcc 0
gdi-dcc 1
323
4
gjc-dcd 0
cg-dcd 3
cfg-dcd 2
gda-dcd 1
324
4
bcg-dce 1
cce-dce 2
jef-dce 281
ebg-dce 5
325
5
bhe-dcf 2
fce-dcf 1
fea-dcf 4
cgb-dcf 6
bbja-dcf 24
326
3
cd-dcg 0
dca-dcg 11
jjj-dcg 0
327
5
cjc-dch 0
eca-dch 0
dh-dch 2
bdgc-dch 5
jai-dch 107
328
5
ehi-dci 7
cge-dci 1
ddg-dci 5
bcef-dci 17
dae-dci 5
329
5
bde-dcj 0
dhd-dcj 0
dbj-dcj 0
jcg-dcj 37
begb-dcj 7
330
4
dai-dda 5
cea-dda 1
bjj-dda 11
fjj-dda 1
331
6
cjb-ddb 0
ddd-ddb 1
eig-ddb 0
bcea-ddb 1
bdge-ddb 3
bbdj-ddb 1
332
5
beg-ddc 2
ia-ddc 0
bja-ddc 8
dac-ddc 4
bfjb-ddc 21
333
4
bci-ddd 4
gfa-ddd 1
hed-ddd 1
beef-ddd 39
334
9
ehd-dde 0
ejf-dde 1
gaa-dde 0
bbj-dde 0
ghh-dde 11
dbe-dde 0
fbe-dde 0
ifj-dde 0
d-dde 7
335
7
chf-ddf 0
jh-ddf 0
bei-ddf 1
id-ddf 3
eij-ddf 10
eb-ddf 7
fcf-ddf 20
336
3
cdi-ddg 3
eid-ddg 23
cgc-ddg 3
337
4
ech-ddh 7
ef-ddh 11
edi-ddh 1
baa-ddh 64
338
6
cfa-ddi 1
ehd-ddi 3
fib-ddi 0
bjc-ddi 0
ef-ddi 3
jja-ddi 0
339
6
ehi-ddj 0
ecg-ddj 26
haa-ddj 15
ccd-ddj 0
ihj-ddj 3
dia-ddj 1
340
6
dia-dea 2
bgi-dea 5
ejd-dea 27
edh-dea 9
ief-dea 13
ebe-dea 2
341
6
hjc-deb 0
hha-deb 0
fei-deb 7
hgj-deb 2
hfg-deb 5
cbi-deb 47
342
5
ba-dec 1
fdc-dec 6
bg-dec 2
bcgh-dec 10
bfg-dec 38
343
5
ihf-ded 41
gij-ded 31
bdbb-ded 3
ddc-ded 4
jab-ded 2
344
5
fhb-dee 0
dhc-dee 0
dej-dee 0
fji-dee 3
cia-dee 1
345
3
ceb-def 2
jfi-def 54
bajh-def 9
346
6
cdh-deg 0
cfb-deg 2
eec-deg 6
hia-deg 6
fhd-deg 17
bceg-deg 0
347
4
gcf-deh 0
ifa-deh 1
iji-deh 2
dj-deh 3
348
2
gjc-dei 0
fif-dei 1
349
4
dif-dej 4
babg-dej 5
bcah-dej 300
fda-dej 9
350
5
fie-dfa 7
hab-dfa 6
bfb-dfa 3
eai-dfa 3
ege-dfa 6
351
3
bde-dfb 2
ehb-dfb 5
e-dfb 54
352
7
ddc-dfc 1
cjc-dfc 0
eb-dfc 1
fgg-dfc 1
ghb-dfc 0
ca-dfc 2
fgj-dfc 4
353
6
bga-dfd 2
da-dfd 3
gcb-dfd 1
bbae-dfd 1
idj-dfd 34
bfcc-dfd 5
354
4
ii-dfe 14
badc-dfe 2
ejd-dfe 7
baac-dfe 59
355
5
jha-dff 0
ife-dff 2
hii-dff 82
gie-dff 26
heg-dff 6
356
3
cdj-dfg 1
dhf-dfg 4
eib-dfg 248
357
5
hg-dfh 0
fhb-dfh 20
fee-dfh 15
bbcb-dfh 12
beci-dfh 12
358
3
hgh-dfi 185
baac-dfi 0
egd-dfi 29
359
3
eb-dfj 2
ejd-dfj 1
bbah-dfj 26
360
5
g-dga 2
dgi-dga 1
fff-dga 30
cb-dga 1
bcdg-dga 99
361
2
cad-dgb 1
bcae-dgb 33
362
6
bc-dgc 1
c-dgc 0
jic-dgc 12
fib-dgc 9
jja-dgc 0
bdbb-dgc 0
363
9
cbc-dgd 0
ebc-dgd 0
bfa-dgd 1
feh-dgd 1
ifg-dgd 0
badi-dgd 5
bajj-dgd 4
bbjf-dgd 9
ifb-dgd 2
364
6
ifc-dge 0
dc-dge 3
hcj-dge 2
bccf-dge 15
ef-dge 3
beaa-dge 4
365
4
dhf-dgf 0
jfj-dgf 1
bbba-dgf 29
bffd-dgf 1
366
3
dce-dgg 1
bg-dgg 4
bced-dgg 4
367
2
dff-dgh 1
idi-dgh 26
368
5
cgg-dgi 2
deb-dgi 18
bbf-dgi 2
ibf-dgi 9
ceb-dgi 1
369
4
gg-dgj 24
bea-dgj 12
bcab-dgj 7
ghb-dgj 3
370
4
dij-dha 1
ecg-dha 0
jhi-dha 0
dji-dha 1
371
3
ebh-dhb 10
d-dhb 4
bajb-dhb 10
372
7
dfg-dhc 1
ccd-dhc 0
dbg-dhc 150
bbce-dhc 20
jii-dhc 13
bdab-dhc 12
bbed-dhc 1
373
6
cdi-dhd 4
fhc-dhd 1
dgh-dhd 17
hfh-dhd 3
ije-dhd 14
baeg-dhd 19
374
6
dca-dhe 5
ieg-dhe 2
bbhi-dhe 24
ehb-dhe 0
bbii-dhe 15
bbhb-dhe 7
375
5
cjd-dhf 5
bcf-dhf 0
ebj-dhf 13
ich-dhf 2
baga-dhf 33
376
4
bfe-dhg 30
ida-dhg 3
beab-dhg 7
begf-dhg 1
377
5
dgf-dhh 7
bbb-dhh 3
bbh-dhh 5
bdac-dhh 14
gbg-dhh 3
378
6
ebh-dhi 2
fhf-dhi 5
fjf-dhi 1
bbbb-dhi 2
bcab-dhi 2
ihg-dhi 38
379
7
fce-dhj 3
idc-dhj 3
ddj-dhj 34
begh-dhj 4
idf-dhj 23
ecj-dhj 0
icc-dhj 2
380
4
bdc-dia 1
jcc-dia 0
hge-dia 1
ecg-dia 238
381
4
cfd-dib 7
bgg-dib 5
dhj-dib 23
ffd-dib 1
382
8
hc-dic 0
dih-dic 0
fh-dic 3
ebi-dic 3
hhd-dic 3
jff-dic 2
edj-dic 13
bbgj-dic 0
383
6
bab-did 2
ccj-did 0
dhg-did 2
hid-did 1
bgj-did 1
eii-did 0
384
6
dci-die 1
fig-die 0
fea-die 3
jeb-die 2
fac-die 19
baag-die 59
385
1
bbdh-dif 134
386
3
edj-dig 16
fcd-dig 54
hih-dig 11
387
2
fdg-dih 68
bbjg-dih 15
388
2
bage-dii 43
bdeg-dii 18
389
5
cga-dij 3
eai-dij 2
bacf-dij 2
hhe-dij 29
ici-dij 283
390
2
bhe-dja 1
bdhi-dja 1
391
2
eee-djb 3
jjj-djb 38
392
3
dba-djc 11
ddi-djc 14
jaj-djc 61
393
6
cie-djd 3
ceb-djd 0
jdd-djd 0
jif-djd 0
ifd-djd 6
bejh-djd 5
394
7
he-dje 0
bbj-dje 4
dbi-dje 0
hag-dje 0
dbh-dje 0
ddc-dje 0
beaj-dje 55
395
2
di-djf 1
eha-djf 1
396
7
baa-djg 1
cji-djg 1
bcc-djg 0
jbc-djg 0
hca-djg 7
bceg-djg 3
efi-djg 4
397
9
bdh-djh 0
djb-djh 1
bif-djh 1
ebi-djh 15
beca-djh 9
gai-djh 1
gdg-djh 6
cjc-djh 60
bdef-djh 42
398
4
cha-dji 5
cic-dji 3
hhj-dji 15
bahj-dji 3
399
6
caj-djj 0
egi-djj 0
dec-djj 12
dda-djj 1
bbc-djj 20
jib-djj 28
400
7
bif-eaa 0
ghi-eaa 1
hbg-eaa 0
bee-eaa 241
eji-eaa 1
jbb-eaa 0
hjj-eaa 28
401
4
fh-eab 1
chi-eab 7
bdha-eab 6
bbga-eab 59
402
5
bcc-eac 0
big-eac 0
bagg-eac 6
cej-eac 23
jhi-eac 0
403
4
chj-ead 0
dce-ead 2
caf-ead 9
dj-ead 0
404
7
fhi-eae 3
gai-eae 0
fed-eae 2
edd-eae 0
gdc-eae 3
icb-eae 236
bic-eae 3
405
4
jc-eaf 5
ghj-eaf 1
fde-eaf 5
fgj-eaf 11
406
5
ca-eag 1
hea-eag 3
gff-eag 11
cfa-eag 0
hgb-eag 1
407
5
cgd-eah 0
eca-eah 30
gdj-eah 7
bbcf-eah 275
bcaj-eah 8
408
4
efh-eai 6
ffa-eai 1
be-eai 3
bbec-eai 145
409
4
eae-eaj 3
dfj-eaj 1
jfa-eaj 3
beec-eaj 31
410
6
cee-eba 2
feb-eba 10
bjj-eba 2
gih-eba 3
bif-eba 189
bebc-eba 9
411
7
ebg-ebb 0
fac-ebb 0
fff-ebb 7
beb-ebb 7
ggb-ebb 4
iij-ebb 25
ffd-ebb 16
412
3
ecb-ebc 1
baej-ebc 3
bjg-ebc 1
413
8
cag-ebd 0
cbb-ebd 1
ejb-ebd 5
had-ebd 3
dgi-ebd 9
badb-ebd 48
bcce-ebd 8
bdae-ebd 61
414
6
dgb-ebe 0
ceb-ebe 0
hfg-ebe 0
df-ebe 6
ebb-ebe 2
bfhc-ebe 3
415
4
bfd-ebf 1
bge-ebf 1
fhf-ebf 2
ijf-ebf 3
416
3
dcf-ebg 3
fga-ebg 5
ghg-ebg 1
417
4
daf-ebh 0
hdg-ebh 1
bahf-ebh 7
icg-ebh 177
418
3
ebd-ebi 7
ebc-ebi 5
hfe-ebi 100
419
5
ghd-ebj 4
jgc-ebj 101
ehi-ebj 24
igf-ebj 0
djj-ebj 31
420
5
dhi-eca 2
dbf-eca 9
jff-eca 3
eh-eca 33
jga-eca 298
421
2
daj-ecb 3
bchc-ecb 85
422
10
cd-ecc 2
edi-ecc 3
ejd-ecc 0
jc-ecc 0
idf-ecc 1
gce-ecc 0
babd-ecc 1
fbe-ecc 2
bdie-ecc 1
bdch-ecc 51
423
3
fba-ecd 2
dha-ecd 2
jfj-ecd 313
424
4
ecd-ece 1
eaa-ece 11
ici-ece 2
eeh-ece 1
425
6
dh-ecf 0
eed-ecf 0
dgb-ecf 3
dc-ecf 0
cib-ecf 3
beh-ecf 16
426
3
dfa-ecg 6
bcca-ecg 441
fbc-ecg 6
427
5
fcf-ech 1
dbh-ech 9
bajd-ech 1
jjc-ech 19
hcd-ech 245
428
4
dh-eci 3
cei-eci 1
hcg-eci 59
jac-eci 22
429
3
gbj-ecj 3
fbc-ecj 7
ihi-ecj 20
430
7
dgb-eda 3
eai-eda 0
hbd-eda 1
igj-eda 2
dhf-eda 38
bbdb-eda 17
bdcg-eda 5
431
7
ff-edb 1
fb-edb 3
eci-edb 1
gec-edb 5
jj-edb 7
iia-edb 3
gdd-edb 16
432
5
bhb-edc 1
dci-edc 1
ggi-edc 1
baa-edc 11
ihi-edc 6
433
6
bai-edd 1
dfa-edd 6
ebd-edd 2
gag-edd 5
bdh-edd 19
cbe-edd 74
434
4
ejb-ede 0
ffi-ede 13
jbb-ede 20
jh-ede 176
435
6
ci-edf 0
dic-edf 3
fah-edf 1
hba-edf 19
bdfe-edf 15
bdag-edf 3
436
6
bgd-edg 0
ddc-edg 0
ggd-edg 6
jgh-edg 8
cde-edg 11
ie-edg 2
437
5
dah-edh 4
cfj-edh 3
bbgb-edh 57
hcd-edh 15
beb-edh 5
438
9
ccg-edi 0
cfj-edi 0
eja-edi 3
gah-edi 1
gie-edi 3
egf-edi 4
bjd-edi 1
bda-edi 1
baib-edi 1
439
3
cfb-edj 1
egj-edj 31
egf-edj 305
440
4
djh-eea 0
gcc-eea 2
igj-eea 0
bgj-eea 2
441
4
dec-eeb 3
hgh-eeb 11
bab-eeb 2
hei-eeb 6
442
4
cbe-eec 1
bha-eec 4
hci-eec 24
dge-eec 23
443
4
gcd-eed 6
fcg-eed 38
iaa-eed 368
jhc-eed 10
444
3
fgi-eee 9
idg-eee 19
chb-eee 1
445
5
dej-eef 2
bdg-eef 46
jad-eef 1
bie-eef 2
bdcd-eef 6
446
6
dji-eeg 2
chg-eeg 0
cfe-eeg 1
dcc-eeg 1
bfc-eeg 4
badg-eeg 1
447
3
bcc-eeh 1
fbd-eeh 3
gbb-eeh 11
448
5
ejc-eei 0
fii-eei 3
bih-eei 10
haj-eei 1
beed-eei 219
449
4
chc-eej 1
bbif-eej 19
bcag-eej 17
bcih-eej 67
450
7
ii-efa 0
dhd-efa 0
egc-efa 0
cbb-efa 0
jia-efa 18
bccg-efa 8
hch-efa 17
451
3
eib-efb 3
ehc-efb 15
bbgj-efb 3
452
4
bhh-efc 6
fdg-efc 6
ehd-efc 22
hd-efc 1
453
4
bbc-efd 1
igj-efd 1
iac-efd 6
fei-efd 202
454
2
ija-efe 13
bcdb-efe 685
455
5
fff-eff 5
hgf-eff 11
jge-eff 25
bbed-eff 2
bjf-eff 182
456
5
daf-efg 0
fii-efg 3
bcad-efg 109
bbj-efg 6
iib-efg 106
457
7
dci-efh 2
fde-efh 0
ibb-efh 1
bbeg-efh 2
ded-efh 27
iic-efh 32
igc-efh 12
458
3
eed-efi 7
icc-efi 3
eec-efi 17
459
6
efe-efj 1
gde-efj 1
fhc-efj 1
fje-efj 0
bbfa-efj 4
bbca-efj 4
460
8
cgd-ega 0
icf-ega 0
bja-ega 61
bbac-ega 0
cbg-ega 2
feh-ega 3
bac-ega 9
jca-ega 12
461
6
efi-egb 2
fdb-egb 2
cdg-egb 2
hic-egb 30
jg-egb 6
bcdf-egb 107
462
2
ddc-egc 5
ccj-egc 1
463
4
bbf-egd 1
ebd-egd 1
bdhg-egd 11
cfa-egd 144
464
6
ecb-ege 4
fdb-ege 2
bg-ege 0
dbb-ege 1
ifi-ege 6
dib-ege 1
465
4
cha-egf 1
fge-egf 50
eae-egf 91
ifd-egf 118
466
5
die-egg 6
eaj-egg 22
ed-egg 1
jia-egg 11
idd-egg 33
467
3
gah-egh 1
cii-egh 1
iid-egh 15
468
4
cdi-egi 3
hef-egi 9
efa-egi 3
ghc-egi 1
469
6
ij-egj 0
dbi-egj 8
ibi-egj 1
jj-egj 6
baih-egj 15
jdg-egj 38
470
6
bjj-eha 1
eid-eha 1
bbi-eha 3
bcbi-eha 1
cgh-eha 360
fgd-eha 2
471
4
bfc-ehb 2
bj-ehb 0
fei-ehb 1
hib-ehb 107
472
2
cdh-ehc 15
iad-ehc 61
473
4
dfd-ehd 1
hcb-ehd 476
hjj-ehd 14
bffb-ehd 33
474
4
di-ehe 3
hje-ehe 11
ibh-ehe 97
bebj-ehe 19
475
5
caa-ehf 1
fag-ehf 3
hgh-ehf 3
cac-ehf 2
jgj-ehf 3
476
5
ddb-ehg 0
cgg-ehg 0
hda-ehg 15
edf-ehg 29
bdgh-ehg 13
477
5
dad-ehh 4
dcc-ehh 1
gcc-ehh 4
had-ehh 1
ecf-ehh 42
478
3
fef-ehi 2
bbeg-ehi 11
jfd-ehi 80
479
4
hbj-ehj 5
baeh-ehj 1
bcgj-ehj 15
eci-ehj 9
480
5
ddb-eia 3
efb-eia 1
bfa-eia 3
efc-eia 2
cjj-eia 2
481
4
dg-eib 1
bbbe-eib 66
iih-eib 172
bcji-eib 1
482
5
ebb-eic 1
fhi-eic 4
bdfb-eic 89
befh-eic 1
bfef-eic 56
483
6
hc-eid 2
bdg-eid 6
fbg-eid 0
ejg-eid 0
bddi-eid 2
bfhj-eid 10
484
5
gbb-eie 16
baf-eie 1
gcf-eie 1
bbaf-eie 0
ffj-eie 11
485
4
djj-eif 1
daa-eif 3
fdf-eif 11
hac-eif 1
486
4
ede-eig 1
edi-eig 4
fdf-eig 2
bfeh-eig 8
487
5
efh-eih 2
cag-eih 3
jc-eih 1
ifi-eih 5
daa-eih 2
488
4
bgb-eii 6
cfd-eii 4
fij-eii 1
bfdi-eii 58
489
5
bje-eij 0
dfg-eij 5
ief-eij 4
dcc-eij 9
jae-eij 18
490
3
iaj-eja 30
hej-eja 15
babi-eja 231
491
3
cdi-ejb 2
ibd-ejb 52
bhc-ejb 10
492
6
eia-ejc 5
daj-ejc 10
hgb-ejc 12
bcbe-ejc 64
gji-ejc 4
ggd-ejc 31
493
2
iic-ejd 3
ige-ejd 114
494
6
bfj-eje 6
gic-eje 3
ebj-eje 7
cif-eje 4
ege-eje 3
iei-eje 11
495
3
bgb-ejf 2
ecf-ejf 0
bfja-ejf 15
496
4
eb-ejg 11
ghb-ejg 11
chd-ejg 87
feg-ejg 265
497
4
bbi-ejh 1
egb-ejh 2
iaa-ejh 1
idi-ejh 1
498
5
cgh-eji 5
cdd-eji 5
dih-eji 2
hfb-eji 9
d-eji 7
499
2
chf-ejj 29
hif-ejj 3
500
5
dfb-faa 1
deg-faa 4
dhg-faa 3
ice-faa 7
bbba-faa 21
501
2
dbf-fab 3
dda-fab 1
502
5
cbh-fac 1
cbi-fac 3
hdh-fac 5
bbii-fac 35
hbc-fac 18
503
6
dih-fad 0
cfh-fad 0
iej-fad 21
baei-fad 89
bdjg-fad 16
fgd-fad 17
504
4
fej-fae 0
fje-fae 1
baba-fae 72
bdia-fae 57
505
3
ice-faf 0
bcja-faf 2
hid-faf 2
506
5
hcd-fag 7
jif-fag 0
ggd-fag 1
bahb-fag 6
dbf-fag 216
507
2
bjf-fah 1
jbj-fah 5
508
5
bcj-fai 1
eff-fai 1
gdj-fai 1
fdh-fai 19
badj-fai 4
509
6
fgi-faj 0
ghi-faj 0
iii-faj 1
bhe-faj 11
ggb-faj 9
ga-faj 1
510
4
cdi-fba 3
bge-fba 0
dii-fba 5
bbdb-fba 152
511
5
fic-fbb 0
fid-fbb 2
geh-fbb 0
jih-fbb 2
jgi-fbb 20
512
4
eeg-fbc 5
fej-fbc 3
ejh-fbc 3
baag-fbc 5
513
5
bih-fbd 14
eai-fbd 3
hej-fbd 14
ejj-fbd 1
jhc-fbd 23
514
3
fgi-fbe 2
bajc-fbe 2
bceh-fbe 26
515
1
jbh-fbf 47
516
2
edb-fbg 9
dff-fbg 3
517
6
fdh-fbh 7
fgb-fbh 2
hca-fbh 1
ib-fbh 0
bc-fbh 4
bcjg-fbh 3
518
5
cfg-fbi 2
eah-fbi 2
ebf-fbi 6
dcc-fbi 1
bjb-fbi 13
519
6
hb-fbj 3
fdc-fbj 2
fch-fbj 6
ieg-fbj 3
beig-fbj 7
hdc-fbj 145
520
5
dce-fca 1
gaj-fca 15
bcie-fca 0
bccg-fca 14
jib-fca 3
521
5
bhb-fcb 2
fij-fcb 0
h-fcb 1
bcdf-fcb 61
hbb-fcb 8
522
4
gbd-fcc 19
gic-fcc 17
fjh-fcc 9
bfca-fcc 152
523
4
cae-fcd 1
ghf-fcd 1
hib-fcd 1
cba-fcd 82
524
3
gjh-fce 3
gia-fce 30
baec-fce 120
525
7
ejd-fcf 0
ehe-fcf 36
ebi-fcf 7
bff-fcf 2
cgf-fcf 1
baib-fcf 13
cce-fcf 2
526
4
bcah-fcg 1
gcc-fcg 30
bbe-fcg 1
eig-fcg 1
527
8
ecb-fch 9
fcf-fch 2
hfc-fch 0
eae-fch 9
cjb-fch 0
bcee-fch 5
beaj-fch 2
bfgh-fch 0
528
8
fhg-fci 1
bjf-fci 0
iba-fci 9
dfd-fci 0
dei-fci 1
iei-fci 0
dfh-fci 9
bbea-fci 6
529
6
egd-fcj 2
ffb-fcj 3
ghc-fcj 3
fcg-fcj 1
hge-fcj 6
heb-fcj 1
530
6
bhj-fda 5
edf-fda 21
gca-fda 1
bhi-fda 21
cfd-fda 26
bbbd-fda 37
531
5
ccf-fdb 1
ffg-fdb 1
eha-fdb 271
bcga-fdb 1
def-fdb 30
532
6
dad-fdc 1
cif-fdc 6
eg-fdc 0
bbjb-fdc 1
dhh-fdc 4
bahi-fdc 21
533
9
bei-fdd 3
baei-fdd 35
baif-fdd 0
edd-fdd 27
dfb-fdd 1
hid-fdd 7
eaf-fdd 4
bfha-fdd 6
bfie-fdd 1
534
3
egb-fde 7
fih-fde 2
jj-fde 7
535
6
fbj-fdf 3
cgg-fdf 7
gdc-fdf 17
bade-fdf 2
fdg-fdf 14
ibe-fdf 99
536
5
bhi-fdg 2
gje-fdg 3
gbh-fdg 5
bach-fdg 29
bdhg-fdg 13
537
7
cjd-fdh 3
ffa-fdh 7
hjd-fdh 2
deb-fdh 34
cdc-fdh 3
bcjh-fdh 1
gf-fdh 0
538
2
bh-fdi 3
jii-fdi 142
539
2
hbh-fdj 17
bdfh-fdj 131
540
5
caf-fea 1
bbia-fea 40
bceb-fea 13
bdcd-fea 43
ee-fea 1
541
6
ieb-feb 49
hgh-feb 1
ibd-feb 11
ih-feb 0
dfh-feb 13
cid-feb 0
542
3
ffe-fec 3
bfcg-fec 206
bfij-fec 27
543
5
eac-fed 0
fdh-fed 1
bbhb-fed 11
fjd-fed 0
hdi-fed 18
544
5
fff-fee 4
be-fee 1
ihf-fee 11
bbaa-fee 17
ecb-fee 11
545
5
dfe-fef 9
bbfh-fef 17
bdad-fef 1
je-fef 71
bfdg-fef 383
546
6
bd-feg 3
ihh-feg 1
bi-feg 3
ijc-feg 1
hgh-feg 144
bcgj-feg 5
547
5
bch-feh 2
bbdc-feh 1
hei-feh 6
chc-feh 1
djg-feh 29
548
6
fbi-fei 3
dbc-fei 1
ffc-fei 4
eeg-fei 13
bcgi-fei 11
begd-fei 135
549
4
eji-fej 1
gcg-fej 5
hhe-fej 3
dfe-fej 5
550
5
df-ffa 0
dce-ffa 0
gch-ffa 24
idb-ffa 13
bfef-ffa 48
551
7
dab-ffb 26
cbd-ffb 0
gda-ffb 0
ica-ffb 13
i-ffb 2
jfe-ffb 4
cfd-ffb 3
552
4
bdj-ffc 3
ejg-ffc 1
bgc-ffc 9
hbb-ffc 39
553
3
jaf-ffd 0
dij-ffd 23
eia-ffd 1
554
2
baba-ffe 7
hdc-ffe 25
555
7
edi-fff 3
chc-fff 0
fgj-fff 2
jbf-fff 6
baae-fff 12
baj-fff 6
hfd-fff 14
556
1
ffi-ffg 11
557
2
fja-ffh 1
e-ffh 21
558
5
fed-ffi 0
gaj-ffi 1
bcdd-ffi 7
cif-ffi 3
cdj-ffi 5
559
4
dfd-ffj 6
gih-ffj 6
gfi-ffj 34
baid-ffj 9
560
8
cie-fga 2
gei-fga 5
eae-fga 11
igi-fga 3
bdib-fga 0
ceb-fga 0
bbhg-fga 0
bhe-fga 22
561
3
eei-fgb 9
gff-fgb 507
dba-fgb 19
562
5
dbd-fgc 4
cjb-fgc 2
jad-fgc 1
dgd-fgc 3
bagf-fgc 57
563
6
dij-fgd 4
bie-fgd 1
ffa-fgd 4
fb-fgd 2
bfff-fgd 16
bfic-fgd 38
564
2
gjf-fge 83
ibf-fge 3
565
2
def-fgf 7
ha-fgf 18
566
2
bih-fgg 3
ice-fgg 5
567
3
dbh-fgh 15
jcf-fgh 47
jjf-fgh 18
568
4
eeh-fgi 7
bcbi-fgi 3
hjf-fgi 2
dfg-fgi 276
569
4
egh-fgj 1
bdc-fgj 17
gbh-fgj 1
ghj-fgj 185
570
3
bfi-fha 4
fhc-fha 33
bfig-fha 1
571
6
feb-fhb 3
hfe-fhb 0
bajf-fhb 0
beaa-fhb 3
bfcb-fhb 278
beeb-fhb 74
572
6
cba-fhc 0
bbi-fhc 19
hch-fhc 4
bfed-fhc 284
ijj-fhc 4
bgea-fhc 14
573
4
dgi-fhd 2
dea-fhd 2
cih-fhd 10
hic-fhd 7
574
5
dic-fhe 1
ebh-fhe 7
gge-fhe 2
hci-fhe 6
jbe-fhe 2
575
2
gad-fhf 11
ffb-fhf 3
576
4
da-fhg 3
fjc-fhg 14
jbb-fhg 1
bbfh-fhg 26
577
1
cba-fhh 7
578
4
bja-fhi 156
idd-fhi 1
jcb-fhi 52
bcgj-fhi 25
579
5
ii-fhj 7
fgf-fhj 1
gaj-fhj 2
fag-fhj 10
bgde-fhj 3
580
4
cdd-fia 1
bb-fia 1
gcc-fia 59
hga-fia 10
581
3
fgb-fib 33
gjb-fib 3
bag-fib 3
582
6
cif-fic 0
ifh-fic 0
ijd-fic 1
cea-fic 26
hgg-fic 2
bgaj-fic 51
583
6
fh-fid 1
cdd-fid 1
hh-fid 6
bbaa-fid 303
cih-fid 38
gif-fid 10
584
3
efe-fie 20
ffb-fie 0
bccf-fie 12
585
4
bbc-fif 0
ibj-fif 4
bfcg-fif 9
gge-fif 31
586
6
bjc-fig 0
gfa-fig 0
eib-fig 16
dec-fig 6
ejg-fig 5
bfj-fig 3
587
3
ed-fih 2
id-fih 7
bcc-fih 2
588
4
haf-fii 3
bagb-fii 10
gde-fii 7
bcfh-fii 4
589
3
fdf-fij 3
ebj-fij 11
bdfi-fij 3
590
3
cih-fja 1
bhf-fja 1
edj-fja 47
591
9
egg-fjb 0
gcg-fjb 2
cij-fjb 4
hc-fjb 1
caa-fjb 6
hae-fjb 59
cja-fjb 0
gef-fjb 39
bggb-fjb 7
592
5
dbg-fjc 3
baee-fjc 1
bcff-fjc 3
cie-fjc 202
hdf-fjc 20
593
2
ecc-fjd 1
cif-fjd 4
594
4
fba-fje 9
hdj-fje 1
hci-fje 11
bbac-fje 11
595
3
fhc-fjf 3
jhf-fjf 2
bahg-fjf 3
596
2
bhg-fjg 2
bcfe-fjg 21
597
6
fdf-fjh 1
ei-fjh 1
babb-fjh 1
ddd-fjh 1
baij-fjh 7
g-fjh 3
598
9
ejc-fji 3
ehf-fji 1
hh-fji 0
bgb-fji 0
iga-fji 11
cdf-fji 3
jbi-fji 15
bddi-fji 2
fij-fji 3
599
3
ddi-fjj 7
bbg-fjj 21
gj-fjj 5
600
4
gie-gaa 1
gjf-gaa 1
gbb-gaa 11
bacj-gaa 467
601
3
ca-gab 7
ejg-gab 2
gdh-gab 893
602
1
cca-gac 5
603
6
bf-gad 9
cdf-gad 1
bjc-gad 5
hij-gad 58
jjh-gad 12
bdfe-gad 110
604
7
ceb-gae 0
bd-gae 1
jci-gae 1
hca-gae 2
bfi-gae 7
eig-gae 0
ghc-gae 2
605
1
bjh-gaf 3
606
5
dgc-gag 3
dff-gag 1
jij-gag 3
bahg-gag 2
bcba-gag 1
607
5
cjc-gah 1
fac-gah 4
cdd-gah 2
iaf-gah 19
ici-gah 1
608
2
daa-gai 3
gff-gai 7
609
4
ccf-gaj 1
di-gaj 444
iae-gaj 1
bcde-gaj 75
610
5
gcb-gba 1
hgc-gba 5
bbge-gba 111
fdi-gba 10
bbib-gba 75
611
6
eja-gbb 32
efh-gbb 1
cgb-gbb 10
dhf-gbb 14
becb-gbb 2
bfjj-gbb 18
612
6
bbh-gbc 2
ga-gbc 1
baab-gbc 29
bej-gbc 1
bbhc-gbc 5
hb-gbc 4
613
4
gca-gbd 2
fcb-gbd 19
cg-gbd 3
bbcd-gbd 19
614
1
bgfd-gbe 769
615
4
fgd-gbf 14
bbeh-gbf 7
ccj-gbf 15
bdcf-gbf 14
616
4
dga-gbg 7
hhb-gbg 9
bbcb-gbg 13
dhh-gbg 37
617
3
dje-gbh 7
ejj-gbh 2
ff-gbh 60
618
7
ej-gbi 3
dbi-gbi 4
ifc-gbi 23
bacg-gbi 5
cfd-gbi 0
dib-gbi 0
bbeh-gbi 21
619
4
gch-gbj 11
eaa-gbj 3
jej-gbj 5
bbfi-gbj 82
620
7
ddd-gca 2
gfd-gca 2
hbg-gca 5
iid-gca 1
haj-gca 4
jig-gca 1
bbfc-gca 1
621
6
cab-gcb 21
bch-gcb 1
bafh-gcb 4
jca-gcb 3
bbbb-gcb 1
bfbd-gcb 38
622
8
iie-gcc 1
baad-gcc 1
gaj-gcc 1
baee-gcc 3
bbii-gcc 2
ejb-gcc 1
bafc-gcc 21
cdh-gcc 31
623
4
ja-gcd 1
egf-gcd 22
bbjd-gcd 3
bgbi-gcd 1
624
3
fai-gce 3
dhb-gce 1
bdfi-gce 1
625
3
daf-gcf 5
cgj-gcf 18
baii-gcf 15
626
4
chg-gcg 1
hgd-gcg 2
cce-gcg 1
ijg-gcg 21
627
5
eja-gch 1
cih-gch 5
ffb-gch 0
fjh-gch 2
bdc-gch 48
628
6
fdc-gci 2
gid-gci 3
bga-gci 25
ghh-gci 1
cea-gci 31
igb-gci 72
629
2
ebb-gcj 60
ged-gcj 13
630
2
bdcf-gda 18
ihh-gda 58
631
4
bdci-gdb 9
cb-gdb 1
bbg-gdb 17
eah-gdb 527
632
5
gbe-gdc 5
ifc-gdc 15
igj-gdc 4
babf-gdc 8
cah-gdc 8
633
4
dgb-gdd 6
hfi-gdd 3
efh-gdd 3
bcag-gdd 14
634
5
gah-gde 1
hed-gde 0
gba-gde 0
baeb-gde 24
cdd-gde 7
635
4
bhc-gdf 9
gfe-gdf 71
hjh-gdf 6
bchf-gdf 91
636
5
db-gdg 4
gfd-gdg 0
hag-gdg 23
bddj-gdg 91
bajh-gdg 9
637
4
if-gdh 1
iih-gdh 1
bdfd-gdh 9
jci-gdh 520
638
1
jcc-gdi 7
639
3
gjg-gdj 23
cei-gdj 1
dib-gdj 7
640
5
eaa-gea 7
jh-gea 1
edi-gea 9
cda-gea 2
dea-gea 25
641
5
eff-geb 1
fcb-geb 1
hfa-geb 3
hhd-geb 22
begg-geb 5
642
2
ffc-gec 10
ihd-gec 42
643
1
bdbj-ged 25
644
1
dda-gee 31
645
4
gij-gef 0
gfh-gef 1
dfi-gef 51
bdgj-gef 10
646
4
baaa-geg 2
cie-geg 9
bfcj-geg 20
gaj-geg 4
647
4
gah-geh 3
iai-geh 5
bjh-geh 3
jg-geh 202
648
4
iba-gei 22
daf-gei 44
eeb-gei 1
ffa-gei 10
649
5
bge-gej 3
gda-gej 3
hgi-gej 53
fec-gej 30
cab-gej 4
650
2
hbc-gfa 23
bgeg-gfa 23
651
4
g-gfb 5
jhj-gfb 572
gfj-gfb 5
bcbi-gfb 7
652
4
bcb-gfc 9
ccf-gfc 1
baha-gfc 9
bche-gfc 6
653
3
gch-gfd 34
hjb-gfd 4
bdbg-gfd 87
654
3
bif-gfe 13
hfa-gfe 7
baci-gfe 190
655
7
ehe-gff 18
bga-gff 6
egf-gff 11
jbi-gff 1
eci-gff 1
idi-gff 256
hh-gff 4
656
4
cef-gfg 1
chc-gfg 1
jaj-gfg 1
bahh-gfg 31
657
4
bi-gfh 1
ffb-gfh 3
iga-gfh 7
jaj-gfh 5
658
5
ech-gfi 7
ghc-gfi 1
jeh-gfi 1
becd-gfi 173
dbd-gfi 1
659
1
bdba-gfj 26
660
3
bhe-gga 45
hhe-gga 1
gbc-gga 1
661
4
bee-ggb 9
eae-ggb 25
igf-ggb 1
bej-ggb 1
662
2
id-ggc 15
bgae-ggc 52
663
4
djj-ggd 6
igd-ggd 5
cjh-ggd 2
jhh-ggd 35
664
9
eeb-gge 0
ehc-gge 6
gaj-gge 1
bdc-gge 8
beg-gge 2
beai-gge 3
ifg-gge 2
efd-gge 59
bfid-gge 6
665
5
feh-ggf 9
ibj-ggf 2
jfj-ggf 47
bcdj-ggf 3
hab-ggf 3
666
4
caf-ggg 5
bih-ggg 7
die-ggg 19
dij-ggg 549
667
1
cab-ggh 31
668
3
cbc-ggi 2
cgh-ggi 45
bfc-ggi 13
670
4
gdh-gha 18
ifc-gha 30
gii-gha 6
bfgj-gha 1
671
6
ccg-ghb 0
bbff-ghb 4
bbfg-ghb 31
idb-ghb 23
bgef-ghb 10
bgae-ghb 12
672
8
efi-ghc 1
fhi-ghc 24
fea-ghc 1
cib-ghc 30
jjf-ghc 0
begg-ghc 5
beid-ghc 73
bch-ghc 22
673
3
did-ghd 19
egj-ghd 91
bae-ghd 7
674
3
cji-ghe 9
ccb-ghe 7
ggg-ghe 7
675
1
ggb-ghf 35
676
4
fhb-ghg 17
dhh-ghg 3
cej-ghg 4
fdj-ghg 1
677
3
bacj-ghh 5
fdi-ghh 2
cbc-ghh 31
678
4
bge-ghi 1
cic-ghi 11
daf-ghi 103
hai-ghi 17
679
5
eig-ghj 4
fcd-ghj 15
fdb-ghj 3
hec-ghj 9
bcbc-ghj 224
680
4
ccg-gia 0
ied-gia 5
hbf-gia 6
egg-gia 7
681
3
ehj-gib 2
cic-gib 10
bbhf-gib 713
682
5
fed-gic 6
gge-gic 2
bjc-gic 2
bbga-gic 2
dhi-gic 35
683
2
ddg-gid 7
cjj-gid 425
684
3
iih-gie 77
ihe-gie 1
ici-gie 11
685
5
gdf-gif 0
jea-gif 61
bcdi-gif 8
bcig-gif 28
hge-gif 197
686
4
cec-gig 1
bbe-gig 1
gj-gig 1
ijf-gig 3
687
5
fic-gih 4
baai-gih 6
die-gih 42
bbfb-gih 4
badc-gih 169
688
3
cgf-gii 1
ib-gii 10
baab-gii 38
689
5
bei-gij 18
fgh-gij 3
ibd-gij 33
ehf-gij 9
ehh-gij 7
690
2
ecd-gja 29
bajc-gja 3
691
1
ebc-gjb 15
692
5
hg-gjc 9
ca-gjc 2
hji-gjc 124
gbe-gjc 223
behb-gjc 187
693
1
gad-gjd 9
694
4
b-gje 5
eca-gje 7
bhc-gje 71
bbdf-gje 25
695
3
dig-gjf 113
hdh-gjf 50
ieg-gjf 187
696
6
dci-gjg 1
bbic-gjg 21
egg-gjg 13
bdda-gjg 35
behg-gjg 45
bfb-gjg 12
697
3
cje-gjh 3
dfd-gjh 19
cbg-gjh 142
698
2
ghe-gji 7
bbgf-gji 3
699
4
cg-gjj 1
fbi-gjj 1
hhe-gjj 4
iii-gjj 20
700
4
bjj-haa 27
dg-haa 9
dbe-haa 11
bcea-haa 57
701
3
gc-hab 13
fij-hab 13
bcfg-hab 23
702
4
gid-hac 1
gdb-hac 13
eif-hac 1
bcbg-hac 7
703
1
iec-had 11
704
6
fac-hae 1
ije-hae 10
idb-hae 22
chi-hae 110
bbic-hae 161
hea-hae 42
705
5
gic-haf 3
bbcd-haf 4
jji-haf 4
jda-haf 855
cdd-haf 3
706
6
dfg-hag 3
dic-hag 9
hje-hag 56
bcgb-hag 13
beje-hag 5
ecj-hag 6
707
4
dcd-hah 1
ghg-hah 1
efj-hah 43
fda-hah 132
708
3
bfh-hai 2
hfh-hai 39
bce-hai 10
709
1
bdjj-haj 232
710
3
gee-hba 2
bega-hba 31
bdbi-hba 74
711
4
eee-hbb 7
cfb-hbb 21
cgj-hbb 11
fac-hbb 57
712
3
ffc-hbc 68
jdg-hbc 68
bdif-hbc 2
713
6
eij-hbd 11
iah-hbd 2
jjf-hbd 2
bei-hbd 19
bcbd-hbd 2
bdff-hbd 169
714
3
fji-hbe 108
edh-hbe 2
fc-hbe 171
715
3
fcf-hbf 43
dga-hbf 3
jf-hbf 7
716
5
gde-hbg 21
ife-hbg 25
egh-hbg 11
jh-hbg 7
bdjf-hbg 29
717
4
dbj-hbh 5
ifg-hbh 1
babe-hbh 237
ci-hbh 113
718
2
egd-hbi 15
jfh-hbi 35
719
2
jge-hbj 166
bedf-hbj 549
720
7
g-hca 0
hcf-hca 7
ejj-hca 0
cib-hca 4
jid-hca 6
ead-hca 4
ibe-hca 13
721
5
cha-hcb 0
jba-hcb 0
bahd-hcb 277
bdfa-hcb 8
ffe-hcb 7
722
2
cie-hcc 2
iee-hcc 1
723
5
hhf-hcd 1
bgi-hcd 58
jee-hcd 229
ghf-hcd 1
bdhb-hcd 14
724
7
gfj-hce 1
eab-hce 10
bde-hce 1
dha-hce 2
beaf-hce 6
ejf-hce 15
bchf-hce 14
725
5
cih-hcf 14
b-hcf 49
hhc-hcf 19
gad-hcf 177
bbae-hcf 23
726
4
ja-hcg 28
jjg-hcg 4
ibf-hcg 102
baed-hcg 49
727
4
fci-hch 21
jcb-hch 7
gdg-hch 27
ghe-hch 7
728
5
geh-hci 25
baef-hci 6
bdff-hci 25
fbf-hci 9
ggi-hci 61
729
6
eec-hcj 22
hdb-hcj 1
ejb-hcj 3
bbbg-hcj 1
jd-hcj 2
bbgd-hcj 47
730
5
eda-hda 1
ffb-hda 34
ea-hda 3
dec-hda 45
idc-hda 15
731
4
fei-hdb 7
jh-hdb 1
bejg-hdb 95
bfhg-hdb 285
732
6
cbi-hdc 5
jbf-hdc 47
cej-hdc 1
bdac-hdc 44
gig-hdc 2
befb-hdc 70
733
4
ejb-hdd 2
bdg-hdd 48
cih-hdd 2
bcf-hdd 2
734
3
gdj-hde 1
bbjf-hde 29
jfh-hde 83
735
5
fad-hdf 3
gbh-hdf 31
bbha-hdf 72
dci-hdf 22
bcfg-hdf 4
736
3
eba-hdg 5
fjc-hdg 338
dac-hdg 15
737
3
fec-hdh 52
ihb-hdh 26
baga-hdh 2
738
3
bic-hdi 3
iae-hdi 5
beah-hdi 79
739
4
bci-hdj 3
eci-hdj 27
haa-hdj 55
jbj-hdj 5
740
8
fdf-hea 19
jjg-hea 6
jb-hea 0
djb-hea 31
bdfd-hea 8
cb-hea 2
befg-hea 50
bcji-hea 5
741
2
fab-heb 2
icg-heb 23
742
4
fai-hec 12
bdhc-hec 44
bdda-hec 11
bfjg-hec 15
743
3
ffe-hed 15
bcbg-hed 37
bfei-hed 5
744
3
gbf-hee 31
ijb-hee 1
bfhd-hee 79
745
5
beg-hef 3
bge-hef 1
gha-hef 3
bjd-hef 202
bfch-hef 30
746
3
ceb-heg 1
bcdd-heg 20
fid-heg 1
747
4
hii-heh 47
ggc-heh 7
ed-heh 2
dcb-heh 10
748
3
ie-hei 1
fad-hei 9
if-hei 21
749
4
gcc-hej 3
cec-hej 21
ccd-hej 11
bgbd-hej 27
750
5
dgc-hfa 6
jga-hfa 0
jhg-hfa 1
bdi-hfa 0
befe-hfa 3
751
5
egc-hfb 3
icd-hfb 20
gc-hfb 5
beh-hfb 3
bff-hfb 9
752
3
gab-hfc 5
gjh-hfc 27
bcdc-hfc 9
753
4
ddc-hfd 1
bad-hfd 5
bcec-hfd 3
eih-hfd 19
754
4
dfb-hfe 1
gac-hfe 2
bahd-hfe 31
ejg-hfe 15
755
3
hge-hff 2
bacc-hff 2
bbci-hff 1
756
3
gfd-hfg 26
ij-hfg 2
bbac-hfg 663
757
5
eci-hfh 1
ihf-hfh 11
ede-hfh 76
ibb-hfh 3
bbaj-hfh 6
758
3
heb-hfi 1
eci-hfi 33
beih-hfi 711
759
3
gaa-hfj 42
jfc-hfj 10
bfhi-hfj 301
760
2
fdb-hga 15
bbg-hga 81
761
6
iaj-hgb 3
bdf-hgb 4
gcc-hgb 5
dfj-hgb 3
hfc-hgb 15
bccd-hgb 5
762
4
dej-hgc 9
hje-hgc 77
fea-hgc 19
fia-hgc 57
763
2
bbfa-hgd 47
bedb-hgd 34
764
3
efg-hge 50
jdc-hge 5
beff-hge 584
765
4
bci-hgf 4
fea-hgf 14
icd-hgf 28
bafe-hgf 49
766
3
ddc-hgg 7
baib-hgg 10
ehf-hgg 10
767
2
deg-hgh 19
dej-hgh 736
768
4
hah-hgi 1
baai-hgi 5
cdb-hgi 45
baja-hgi 180
769
1
bbjj-hgj 3
770
6
ii-hha 7
ihj-hha 47
hdd-hha 11
bi-hha 4
baad-hha 10
dag-hha 1
771
5
fj-hhb 1
dfa-hhb 7
bbaa-hhb 25
bbaj-hhb 3
gfa-hhb 12
772
3
fhc-hhc 3
eia-hhc 1
beff-hhc 80
773
4
ch-hhd 1
gaa-hhd 194
bdec-hhd 26
bbd-hhd 1
774
5
gja-hhe 6
fcd-hhe 3
dji-hhe 7
eff-hhe 58
bdfa-hhe 11
775
4
ed-hhf 1
dag-hhf 4
bafj-hhf 14
bcf-hhf 14
776
4
bcd-hhg 3
hbb-hhg 23
ga-hhg 3
dgd-hhg 47
777
2
ebd-hhh 7
haa-hhh 11
778
2
dcj-hhi 1
bdci-hhi 69
779
7
beb-hhj 8
idc-hhj 0
hie-hhj 5
cbg-hhj 1
chi-hhj 0
jec-hhj 16
bfag-hhj 53
780
3
dbf-hia 13
bbie-hia 23
jdd-hia 108
781
3
ccc-hib 1
bbi-hib 231
bbfb-hib 15
782
4
chh-hic 2
dhd-hic 22
dcc-hic 18
bgcf-hic 119
783
1
bgdg-hid 75
784
2
bjg-hie 5
bgbb-hie 21
785
3
fje-hif 31
cii-hif 17
ggc-hif 23
786
3
gb-hig 2
fig-hig 52
che-hig 5
787
5
eii-hih 6
iaf-hih 22
ddh-hih 104
bfg-hih 7
bdbe-hih 4
788
4
fej-hii 2
djb-hii 10
jaj-hii 10
cgi-hii 248
789
6
fj-hij 2
hag-hij 5
dif-hij 27
bbbd-hij 3
jff-hij 6
bji-hij 36
790
2
fae-hja 75
gbd-hja 55
791
3
cfh-hjb 386
bde-hjb 9
cbb-hjb 11
792
7
hcc-hjc 3
edj-hjc 0
ifd-hjc 1
gaj-hjc 3
bbfi-hjc 67
bfhe-hjc 65
hbi-hjc 1
793
2
fef-hjd 951
bbd-hjd 7
794
2
fgj-hje 257
bdja-hje 402
795
3
gid-hjf 4
edj-hjf 228
beji-hjf 49
796
7
cfa-hjg 10
gci-hjg 4
eda-hjg 4
igd-hjg 1
jgg-hjg 5
gdj-hjg 4
jdh-hjg 3
797
2
caj-hjh 19
bcg-hjh 7
798
3
bba-hji 5
iac-hji 2
hfj-hji 354
799
7
bgc-hjj 4
fe-hjj 1
bace-hjj 3
fgd-hjj 27
gah-hjj 25
beea-hjj 0
cjf-hjj 1
800
6
cij-iaa 1
deb-iaa 4
eef-iaa 3
jcg-iaa 222
ead-iaa 5
dhc-iaa 273
801
3
cdh-iab 15
ech-iab 372
bdbh-iab 66
802
3
eic-iac 15
hbi-iac 63
hia-iac 18
803
5
cba-iad 3
d-iad 5
jcd-iad 1
cgd-iad 30
dd-iad 1
804
5
cib-iae 1
bcd-iae 23
cdf-iae 351
cjg-iae 1
fjd-iae 3
805
4
ejf-iaf 9
gjf-iaf 116
jd-iaf 1
ecj-iaf 9
806
4
bage-iag 423
ihd-iag 17
ejg-iag 15
begg-iag 7
807
2
fei-iah 3
dad-iah 14
808
4
jh-iai 1
gf-iai 1
beja-iai 9
dje-iai 124
809
3
gbh-iaj 2
gci-iaj 3
bddg-iaj 23
810
5
bcb-iba 19
bafb-iba 66
bbba-iba 64
bbbj-iba 5
ejb-iba 1
811
2
iha-ibb 29
bead-ibb 1
812
2
egb-ibc 7
bbgf-ibc 19
813
2
bdhd-ibd 89
bgcj-ibd 224
814
3
fba-ibe 95
jbe-ibe 2
bbcc-ibe 155
815
3
dje-ibf 29
dih-ibf 47
bffh-ibf 73
816
4
efj-ibg 3
ceb-ibg 6
fhg-ibg 41
bafg-ibg 12
817
3
eja-ibh 267
bahj-ibh 9
babb-ibh 356
818
5
fii-ibi 5
gi-ibi 1
bjc-ibi 14
jib-ibi 5
fdi-ibi 34
819
4
hae-ibj 9
bbdb-ibj 39
bbcd-ibj 31
dfd-ibj 71
820
5
jde-ica 1
bcfh-ica 5
becf-ica 27
edc-ica 2
dgi-ica 13
821
3
fhj-icb 18
fib-icb 15
hfi-icb 898
822
2
fdh-icc 5
edb-icc 5
823
5
hj-icd 55
jaa-icd 6
eig-icd 0
hcd-icd 12
jaj-icd 40
824
3
hgi-ice 9
jfh-ice 15
ehd-ice 485
825
4
cih-icf 19
dbb-icf 29
bcha-icf 7
fce-icf 126
826
3
bjj-icg 333
gcg-icg 17
bcdi-icg 71
827
2
djd-ich 2
beei-ich 44
828
3
dfa-ici 14
cj-ici 17
jc-ici 442
829
2
hbe-icj 7
jie-icj 87
830
5
hee-ida 6
jbh-ida 1
bhf-ida 1
ehj-ida 1
bcfd-ida 93
831
7
fce-idb 9
jcb-idb 0
cdh-idb 3
bach-idb 18
bfjd-idb 2
cii-idb 3
ghi-idb 21
832
3
gjg-idc 202
djj-idc 3
iij-idc 11
833
4
fj-idd 9
bbah-idd 17
fih-idd 6
bfda-idd 87
834
1
fgc-ide 2
835
5
dh-idf 38
jhi-idf 3
efa-idf 22
dii-idf 25
bajg-idf 1
836
4
ic-idg 1
bfi-idg 17
bagf-idg 3
dhd-idg 93
837
3
bad-idh 1
gdg-idh 1
hhg-idh 1
838
5
hhc-idi 5
ech-idi 73
baeh-idi 1
bbdd-idi 17
bgfa-idi 206
839
3
bcc-idj 79
bgf-idj 2
fdj-idj 71
840
4
chb-iea 5
eeb-iea 3
bij-iea 31
bebf-iea 545
841
3
fhb-ieb 77
bdaj-ieb 3
bbie-ieb 19
842
5
hfh-iec 2
iff-iec 5
fgf-iec 1
hfg-iec 311
bbca-iec 9
843
4
bbid-ied 79
hhb-ied 11
jac-ied 66
bche-ied 7
844
3
efc-iee 15
baje-iee 15
bdcd-iee 5
845
4
hag-ief 14
bfc-ief 60
ea-ief 7
bbah-ief 50
846
5
ebg-ieg 2
hcd-ieg 11
fjj-ieg 7
idd-ieg 67
ffh-ieg 21
847
4
bjg-ieh 1
bchj-ieh 58
caj-ieh 6
bge-ieh 4
848
6
efg-iei 66
dbf-iei 2
gdf-iei 1
hgi-iei 64
behf-iei 11
bcgb-iei 10
849
2
bdi-iej 11
bbh-iej 991
850
5
hcf-ifa 109
ccc-ifa 47
bbbi-ifa 28
bdbe-ifa 6
bdih-ifa 1
851
3
fgh-ifb 5
dfh-ifb 137
bagh-ifb 76
852
6
cee-ifc 13
ejj-ifc 23
bchg-ifc 215
gfa-ifc 7
fdj-ifc 2
jid-ifc 45
853
4
bah-ifd 5
cf-ifd 83
ijh-ifd 3
bbhd-ifd 206
854
3
dad-ife 126
bbdj-ife 5
hjf-ife 339
855
5
fb-iff 6
bjb-iff 4
jgf-iff 12
cgi-iff 4
efe-iff 117
856
3
jci-ifg 3
be-ifg 50
bgeb-ifg 88
857
4
eif-ifh 1
baga-ifh 7
baai-ifh 9
cid-ifh 31
858
2
bcci-ifi 39
badf-ifi 13
859
1
chb-ifj 3
860
2
gfj-iga 7
ebb-iga 39
861
2
gb-igb 7
cif-igb 218
862
3
eaf-igc 23
gh-igc 2
bcgi-igc 134
863
3
ife-igd 14
ggg-igd 22
hfd-igd 3
864
3
dbi-ige 9
hjc-ige 87
dbj-ige 22
865
1
egi-igf 15
866
1
babd-igg 7
867
1
hag-igh 158
868
3
gag-igi 2
bcbj-igi 21
bbg-igi 18
869
4
gih-igj 1
dde-igj 14
jba-igj 33
bdie-igj 21
870
4
hgf-iha 89
jfa-iha 39
bcdj-iha 481
bbfe-iha 13
871
2
eii-ihb 3
bbcj-ihb 43
872
3
eba-ihc 2
jfd-ihc 2
ehj-ihc 14
873
4
fj-ihd 5
behh-ihd 125
bbdd-ihd 109
bgei-ihd 1
874
3
hdi-ihe 42
hdj-ihe 10
hdg-ihe 74
875
5
eh-ihf 7
ijj-ihf 19
cfb-ihf 4
bbad-ihf 186
bfcc-ihf 15
876
4
gbf-ihg 6
cdj-ihg 22
gij-ihg 36
bcj-ihg 1
877
3
eef-ihh 5
cib-ihh 52
gih-ihh 13
878
5
gjh-ihi 6
jg-ihi 1
hdb-ihi 3
bdgf-ihi 394
bebh-ihi 9
879
2
cef-ihj 63
caf-ihj 198
880
3
fgb-iia 668
hfh-iia 15
fid-iia 39
881
5
id-iib 62
cfb-iib 3
bafa-iib 11
baeb-iib 229
chd-iib 7
882
4
iie-iic 15
fag-iic 90
gfa-iic 6
jje-iic 88
883
4
cej-iid 3
ffa-iid 17
iae-iid 4
bfei-iid 1
884
5
bec-iie 6
jee-iie 20
bgc-iie 3
cbb-iie 6
bejf-iie 23
885
2
hif-iif 39
bbei-iif 55
886
3
hcg-iig 38
hjb-iig 1
ddg-iig 3
888
1
bbib-iii 23
889
1
baaa-iij 142
890
3
iaa-ija 7
bcfe-ija 3
dbj-ija 7
891
1
ega-ijb 7
892
4
bbf-ijc 6
hg-ijc 4
cgi-ijc 7
bcij-ijc 3
893
3
gdh-ijd 15
beda-ijd 508
hfi-ijd 58
894
4
bef-ije 9
gda-ije 2
bbbj-ije 34
beef-ije 97
895
2
hei-ijf 2
bj-ijf 18
896
2
ig-ijg 10
behi-ijg 280
897
2
hhg-ijh 15
bii-ijh 43
898
1
gd-iji 91
899
2
cff-ijj 19
iaf-ijj 63
900
3
cf-jaa 5
jbg-jaa 7
bbjh-jaa 87
901
3
djh-jab 1
baej-jab 2
gbe-jab 6
902
5
hca-jac 12
ejj-jac 20
ghg-jac 22
ibb-jac 19
bgg-jac 17
903
3
djc-jad 2
bcij-jad 21
dgj-jad 2
904
3
cja-jae 15
ee-jae 5
bbih-jae 153
905
2
bdig-jaf 35
bgd-jaf 9
906
3
cg-jag 29
cbc-jag 50
bdij-jag 7
907
6
cfe-jah 2
fie-jah 26
bajg-jah 1
bchh-jah 78
bcif-jah 2
baia-jah 70
908
5
hah-jai 12
efa-jai 41
gbj-jai 152
bbbg-jai 139
bffi-jai 25
909
2
iic-jaj 17
ebd-jaj 259
910
3
cgd-jba 10
gej-jba 108
bdef-jba 18
911
2
gjc-jbb 19
dhg-jbb 31
912
2
gbg-jbc 79
jca-jbc 344
913
3
dij-jbd 44
bgh-jbd 23
bfad-jbd 63
914
3
fbj-jbe 11
bbig-jbe 1
de-jbe 3
915
5
gfg-jbf 12
jbe-jbf 1
bedi-jbf 156
hai-jbf 11
cc-jbf 6
916
5
igc-jbg 1
bjd-jbg 1
ehd-jbg 101
baie-jbg 69
bdid-jbg 20
917
3
bji-jbh 15
babf-jbh 150
dbd-jbh 155
918
2
hai-jbi 7
bdcc-jbi 777
919
5
ieg-jbj 1
hdc-jbj 3
jhb-jbj 2
ejd-jbj 3
daa-jbj 2
920
4
idf-jca 63
jde-jca 9
jfg-jca 227
fdh-jca 17
921
4
ihh-jcb 7
hhf-jcb 21
gae-jcb 47
faj-jcb 53
922
3
fej-jcc 13
fjg-jcc 7
gfb-jcc 95
923
4
ied-jcd 11
bagh-jcd 7
hgh-jcd 61
jcc-jcd 51
924
1
bafi-jce 31
925
3
igj-jcf 55
djc-jcf 13
ghe-jcf 10
926
3
babe-jcg 7
cfj-jcg 6
ggg-jcg 359
927
1
hhh-jch 3
928
6
hhe-jci 3
fch-jci 7
fb-jci 3
beia-jci 2
bfbf-jci 427
gih-jci 111
930
3
cjb-jda 3
bgdf-jda 34
bdig-jda 819
931
5
bbaj-jdb 7
jji-jdb 7
cgf-jdb 30
hge-jdb 42
jhc-jdb 21
932
3
hbh-jdc 2
gdh-jdc 13
jc-jdc 3
933
3
dic-jdd 52
dhc-jdd 148
ffh-jdd 13
934
6
bie-jde 2
baad-jde 3
bcjb-jde 5
bdgi-jde 5
bi-jde 169
ha-jde 3
936
7
ibi-jdg 20
fbf-jdg 3
dhj-jdg 44
gea-jdg 15
bhb-jdg 15
bh-jdg 4
cjh-jdg 5
937
1
ea-jdh 7
938
1
dfb-jdi 7
939
4
ja-jdj 1
eic-jdj 5
jfj-jdj 23
dhb-jdj 1
940
2
ije-jea 158
ef-jea 2
941
1
jad-jeb 31
942
5
ehc-jec 17
bgb-jec 1
dae-jec 6
bdfg-jec 6
badg-jec 6
943
1
djc-jed 23
944
4
ceg-jee 7
ej-jee 7
cfg-jee 19
hjb-jee 396
945
5
beh-jef 6
fad-jef 36
bbfe-jef 4
bbje-jef 102
badj-jef 188
946
2
bbj-jeg 107
baib-jeg 11
947
3
ddj-jeh 12
bafe-jeh 4
bgdb-jeh 23
948
2
eff-jei 7
jja-jei 3
949
3
fgj-jej 5
dch-jej 253
ehb-jej 259
950
4
bhe-jfa 69
iec-jfa 39
chb-jfa 17
fdj-jfa 126
951
3
cge-jfb 10
bbdb-jfb 18
ebb-jfb 50
952
3
cgh-jfc 103
jgb-jfc 637
egb-jfc 5
953
2
fbd-jfd 126
babc-jfd 360
954
4
egf-jfe 3
bcif-jfe 9
bfgb-jfe 606
c-jfe 85
955
3
ee-jff 1
egg-jff 49
bfeb-jff 35
956
4
fic-jfg 9
ghc-jfg 1
bccb-jfg 114
ega-jfg 101
957
5
eij-jfh 14
ddc-jfh 1
fdf-jfh 85
bffj-jfh 60
gfb-jfh 347
958
4
eib-jfi 5
dii-jfi 35
befa-jfi 408
bbj-jfi 348
959
5
bcc-jfj 17
jfa-jfj 9
bcaj-jfj 9
bdhe-jfj 565
eac-jfj 4
960
5
fdf-jga 20
bagg-jga 26
bfab-jga 6
bfcd-jga 602
bfcf-jga 1
961
1
ecd-jgb 959
962
5
ied-jgc 28
babj-jgc 25
bba-jgc 11
cfa-jgc 7
ibd-jgc 85
963
1
ghb-jgd 3
964
5
dda-jge 4
bagf-jge 11
gbf-jge 9
bedj-jge 28
bcgj-jge 102
965
5
fbf-jgf 3
hhj-jgf 27
i-jgf 63
fjd-jgf 2
bhg-jgf 6
966
3
cfd-jgg 18
bajc-jgg 60
heh-jgg 76
967
2
jcb-jgh 39
dfc-jgh 51
968
2
gjf-jgi 15
iae-jgi 915
970
4
efh-jha 2
jia-jha 68
bea-jha 4
ghd-jha 50
971
1
ejg-jhb 23
972
4
eej-jhc 87
ced-jhc 25
gga-jhc 9
hei-jhc 13
973
2
geb-jhd 52
gba-jhd 401
974
3
jae-jhe 9
jih-jhe 3
bbai-jhe 27
975
4
gid-jhf 1
bajj-jhf 380
fch-jhf 43
behe-jhf 178
976
2
fbi-jhg 29
hde-jhg 142
977
3
gab-jhh 13
gej-jhh 3
bfia-jhh 53
978
3
fca-jhi 2
bagi-jhi 18
bcj-jhi 68
979
1
eei-jhj 1145
980
7
hdd-jia 2
baac-jia 10
bje-jia 7
baca-jia 2
bded-jia 65
ecc-jia 11
ddg-jia 10
981
4
bab-jib 13
gda-jib 5
iac-jib 35
bjf-jib 19
982
2
hff-jic 5
igj-jic 39
983
4
jff-jid 39
cag-jid 9
bdgd-jid 11
bgfj-jid 67
984
3
hdb-jie 10
baih-jie 42
cij-jie 7
985
4
hah-jif 109
dge-jif 23
bb-jif 83
bdih-jif 1
986
3
bbe-jig 10
bafi-jig 23
gha-jig 108
987
3
jhi-jih 5
gfi-jih 5
bfa-jih 18
988
4
bjh-jii 1
ihe-jii 1
ddf-jii 99
cei-jii 11
989
2
ge-jij 7
bah-jij 2
990
1
idh-jja 23
991
6
ihg-jjb 1
bdi-jjb 5
jif-jjb 2
hja-jjb 15
ieg-jjb 2
cjc-jjb 5
992
3
jhg-jjc 23
jbg-jjc 39
bcgb-jjc 204
993
1
daj-jjd 47
994
5
hdd-jje 2
badd-jje 9
baig-jje 43
bbcg-jje 56
ej-jje 3
995
2
hja-jjf 75
ccf-jjf 15
996
2
efa-jjg 27
gfc-jjg 55
997
1
geh-jjh 118
998
2
hef-jji 43
j-jji 3
999
3
edg-jjj 15
baea-jjj 14
bcci-jjj 591
1000
1
fgi-baaa 1673
1001
5
jeg-baab 47
ifd-baab 28
bbdf-baab 1
bc-baab 3
efi-baab 7
1002
2
hig-baac 21
jbh-baac 124
1003
4
ehj-baad 25
jcd-baad 25
bbbh-baad 103
ceb-baad 354
1004
2
dib-baae 11
eje-baae 126
1005
2
baae-baaf 43
bdej-baaf 5
1006
5
fc-baag 2
cdc-baag 5
jci-baag 101
beja-baag 1
ffj-baag 15
1007
2
baef-baah 31
jab-baah 2
1008
4
dgd-baai 9
bacb-baai 43
baha-baai 79
igj-baai 15
1009
1
ceb-baaj 7
1010
5
dfi-baba 5
haj-baba 2
bbfb-baba 5
ehi-baba 85
jdf-baba 1
1011
3
ggi-babb 31
edh-babb 23
djh-babb 512
1012
5
jga-babc 7
ege-babc 3
beag-babc 95
baif-babc 12
if-babc 26
1013
3
gec-babd 15
bddi-babd 2
dfe-babd 137
1014
4
cjc-babe 1
ebj-babe 269
ije-babe 33
dbj-babe 5
1015
2
ceg-babf 19
begj-babf 487
1016
3
bbdj-babg 1
beba-babg 162
bdhd-babg 116
1017
2
cbg-babh 67
baia-babh 63
1018
3
gd-babi 7
cdb-babi 139
baij-babi 334
1019
3
bbcg-babj 11
fdc-babj 13
bfib-babj 1
1020
1
igh-baca 158
1021
6
jg-bacb 18
heb-bacb 9
jce-bacb 3
jhb-bacb 1
bcje-bacb 16
bgbj-bacb 21
1022
3
feg-bacc 11
hbc-bacc 31
gdb-bacc 632
1023
1
jgf-bacd 15
1024
2
dhb-bace 27
bbcd-bace 35
1025
1
ifd-bacf 23
1026
2
cja-bacg 15
bgdb-bacg 23
1027
3
fdd-bach 5
baag-bach 10
bih-bach 111
1028
2
egi-baci 15
ejc-baci 344
1029
4
ib-bacj 1
bada-bacj 39
iha-bacj 594
ibj-bacj 25
1030
4
bbcf-bada 23
hej-bada 15
gdb-bada 25
ecj-bada 6
1031
3
bdf-badb 97
dcd-badb 15
bddf-badb 31
1032
3
cad-badc 10
hfg-badc 42
ifg-badc 317
1033
3
jc-badd 2
bcac-badd 58
gh-badd 2
1034
1
ega-bade 67
1035
1
fgh-badf 71
1036
2
jhi-badg 19
bbbf-badg 15
1037
2
fhe-badh 3
bbgj-badh 11
1038
2
ghg-badi 7
bbdi-badi 448
1039
4
ff-badj 5
ijj-badj 5
bbhf-badj 15
bjf-badj 159
1040
4
jgg-baea 1
cid-baea 3
he-baea 1
hdd-baea 27
1041
4
iag-baeb 31
fd-baeb 5
bbaf-baeb 13
bdcj-baeb 348
1042
5
jha-baec 177
bcac-baec 1
hbg-baec 98
jaa-baec 38
ccb-baec 3
1043
1
djc-baed 325
1044
1
baeg-baee 126
1045
4
efd-baef 5
bdbf-baef 1
fi-baef 23
gj-baef 1
1046
4
hhd-baeg 19
jdc-baeg 20
baic-baeg 1
bcef-baeg 55
1047
2
dfd-baeh 7
ihg-baeh 2
1048
4
chj-baei 3
bhc-baei 9
bagg-baei 112
bcig-baei 133
1049
4
bbhh-baej 511
hih-baej 1
bdij-baej 1
bdfj-baej 348
1050
5
hgc-bafa 3
babe-bafa 49
jdj-bafa 26
cff-bafa 4
dgj-bafa 53
1051
4
baah-bafb 23
bcji-bafb 3
bbbd-bafb 85
gdg-bafb 227
1052
4
jce-bafc 1
hii-bafc 76
gfg-bafc 6
bbef-bafc 9
1053
2
fei-bafd 3
cfa-bafd 55
1054
3
dhc-bafe 3
fdd-bafe 186
bgf-bafe 3
1055
2
hcj-baff 10
bfif-baff 793
1056
1
fdd-bafg 364
1057
1
jbd-bafh 39
1058
4
bhj-bafi 31
chi-bafi 11
bbgf-bafi 1
bag-bafi 11
1059
3
gfi-bafj 5
bcag-bafj 2
hef-bafj 354
1060
2
ded-baga 13
bbag-baga 121
1061
2
fhb-bagb 845
bcgd-bagb 2
1062
1
gie-bagc 111
1063
3
beg-bagd 7
hgd-bagd 31
ibg-bagd 5
1064
4
jfb-bage 53
babh-bage 5
bbcj-bage 1
jhf-bage 596
1065
2
bgd-bagf 59
bede-bagf 638
1066
5
jid-bagg 3
baie-bagg 25
bbgh-bagg 1
fcb-bagg 87
hgb-bagg 33
1067
6
jbd-bagh 1
ijg-bagh 18
cgf-bagh 40
eab-bagh 10
cde-bagh 14
gje-bagh 40
1068
3
ehh-bagi 3
ggh-bagi 3
bcac-bagi 49
1069
3
jhd-bagj 388
bad-bagj 2
bgj-bagj 2
1070
2
bcgf-baha 85
bgcc-baha 202
1071
2
cgc-bahb 3
bgah-bahb 15
1072
1
hbg-bahc 19
1073
6
efa-bahd 15
dii-bahd 6
bcgf-bahd 1
behd-bahd 13
beij-bahd 56
dbb-bahd 306
1074
1
bcdi-bahe 47
1075
2
bagd-bahf 35
ffi-bahf 11
1076
2
bgc-bahg 11
gjc-bahg 1871
1077
4
hea-bahh 21
bahg-bahh 59
bedg-bahh 53
jab-bahh 3
1078
4
hab-bahi 13
ceh-bahi 9
ghc-bahi 107
ia-bahi 5
1079
2
ghi-bahj 11
fbe-bahj 15
1080
3
jif-baia 10
gaf-baia 2
bgg-baia 200
1081
2
iac-baib 55
hih-baib 35
1082
3
babi-baic 1
iaa-baic 3
bcgg-baic 1
1083
2
ib-baid 11
bejd-baid 23
1084
5
iaf-baie 30
bade-baie 22
chg-baie 11
efc-baie 19
bai-baie 11
1085
1
jcb-baif 67
1086
4
edd-baig 39
jgh-baig 25
ihc-baig 9
hif-baig 39
1087
6
gcf-baih 11
bbgd-baih 3
eea-baih 2
bcej-baih 3
becj-baih 40
bcgf-baih 2
1088
2
ffj-baii 23
bbab-baii 83
1089
3
bfh-baij 3
ife-baij 323
bha-baij 47
1090
4
bif-baja 39
cgg-baja 9
bcfj-baja 105
cdh-baja 61
1091
3
ji-bajb 39
bdfg-bajb 23
bafj-bajb 66
1092
3
hih-bajc 5
bbae-bajc 34
dhb-bajc 42
1093
4
hha-bajd 73
hhg-bajd 5
edc-bajd 7
bfjc-bajd 15
1094
4
iej-baje 109
hhe-baje 14
bdab-baje 23
gfi-baje 177
1095
5
eca-bajf 1
jcd-bajf 19
jeb-bajf 4
bbgi-bajf 274
bcje-bajf 4
1096
2
cgf-bajg 7
fi-bajg 7
1097
2
hba-bajh 55
bia-bajh 43
1098
2
baje-baji 781
bhf-baji 3
1099
3
ejh-bajj 2
eci-bajj 21
bajf-bajj 502
1100
3
ghb-bbaa 1
bcfa-bbaa 592
beeg-bbaa 5
1101
2
cde-bbab 7
bbfc-bbab 218
1102
4
dce-bbac 318
iif-bbac 38
fed-bbac 23
bejd-bbac 36
1103
2
bbag-bbad 107
jbh-bbad 124
1104
6
gid-bbae 7
eah-bbae 2
bcfc-bbae 6
hg-bbae 5
gc-bbae 113
bgba-bbae 10
1105
2
eff-bbaf 51
hhg-bbaf 7
1106
1
gff-bbag 285
1107
4
cja-bbah 51
fhe-bbah 33
beci-bbah 61
bfjh-bbah 3
1108
3
bafj-bbai 1
bhj-bbai 47
bdch-bbai 3
1109
1
ich-bbaj 87
1110
5
hde-bbba 3
babb-bbba 7
cgd-bbba 19
hdb-bbba 237
jid-bbba 15
1111
1
hed-bbbb 71
1113
4
icb-bbbd 1
baec-bbbd 73
bbh-bbbd 11
bgab-bbbd 61
1114
3
bcc-bbbe 150
bccj-bbbe 391
dhj-bbbe 100
1115
3
gej-bbbf 2
faj-bbbf 2
cef-bbbf 7
1116
3
ief-bbbg 153
baci-bbbg 5
icb-bbbg 97
1117
2
ehg-bbbh 154
bagc-bbbh 51
1118
2
bac-bbbi 79
gee-bbbi 7
1119
3
big-bbbj 15
bahe-bbbj 26
bgdj-bbbj 68
1120
2
bdd-bbca 2
jcc-bbca 34
1121
6
djj-bbcb 19
ccc-bbcb 1
jfd-bbcb 29
fbc-bbcb 3
iee-bbcb 11
hih-bbcb 29
1122
2
hbd-bbcc 511
bgf-bbcc 31
1123
3
baii-bbcd 58
jjd-bbcd 7
gje-bbcd 50
1124
2
iff-bbce 83
gde-bbce 39
1125
2
bbae-bbcf 15
fhc-bbcf 1296
1126
3
fcg-bbcg 10
bdid-bbcg 34
ccj-bbcg 81
1127
1
icb-bbch 118
1128
2
bie-bbci 3
babh-bbci 95
1129
2
hee-bbcj 91
bbbb-bbcj 19
1130
3
jde-bbda 273
ehh-bbda 7
bbji-bbda 15
1131
5
bbf-bbdb 1
hjj-bbdb 28
idc-bbdb 139
bfdj-bbdb 28
ifa-bbdb 158
1132
1
jh-bbdc 7
1133
5
fgh-bbdd 9
gid-bbdd 30
bci-bbdd 124
eii-bbdd 25
beb-bbdd 31
1134
1
jif-bbde 313
1135
3
baed-bbdf 23
gbi-bbdf 140
gbc-bbdf 7
1136
3
bhc-bbdg 37
bid-bbdg 7
bgdc-bbdg 67
1137
3
eef-bbdh 5
bcjd-bbdh 37
ghb-bbdh 100
1138
3
baee-bbdi 47
hbh-bbdi 156
bcba-bbdi 13
1139
1
ghi-bbdj 47
1140
3
dfh-bbea 2
cga-bbea 15
df-bbea 68
1141
5
ji-bbeb 22
bbde-bbeb 95
ihd-bbeb 275
bbae-bbeb 125
bffc-bbeb 9
1142
2
cai-bbec 2
bcie-bbec 288
1143
1
jc-bbed 15
1144
2
gcj-bbee 11
bdee-bbee 198
1145
4
badd-bbef 33
fjf-bbef 11
ce-bbef 7
fjb-bbef 241
1146
3
eca-bbeg 58
bcjg-bbeg 47
bgbc-bbeg 18
1147
2
ghj-bbeh 7
eg-bbeh 118
1148
2
gej-bbei 67
eif-bbei 43
1149
3
fci-bbej 89
bcbb-bbej 393
fja-bbej 92
1150
2
jf-bbfa 3
bacc-bbfa 118
1151
5
fgd-bbfb 3
bbgg-bbfb 69
baji-bbfb 115
ghj-bbfb 4
bdah-bbfb 19
1152
2
ibh-bbfc 243
bfej-bbfc 10
1153
4
eaa-bbfd 76
ebc-bbfd 1
bdcj-bbfd 36
bdje-bbfd 6
1154
2
chg-bbfe 15
bbgi-bbfe 186
1155
6
fcc-bbff 77
jig-bbff 1
dbh-bbff 10
ihi-bbff 35
bdjd-bbff 77
hg-bbff 14
1156
4
fea-bbfg 43
eee-bbfg 15
bcjh-bbfg 1
bfee-bbfg 416
1157
3
efd-bbfh 2
gec-bbfh 23
bbjg-bbfh 145
1158
3
bbej-bbfi 570
bace-bbfi 5
bfhb-bbfi 134
1159
4
babh-bbfj 9
cbc-bbfj 72
ifc-bbfj 323
cje-bbfj 6
1160
2
jbc-bbga 400
eji-bbga 59
1161
4
iic-bbgb 13
jff-bbgb 17
hi-bbgb 174
hgd-bbgb 35
1162
1
bafa-bbgc 237
1163
1
bgag-bbgd 178
1164
4
ddd-bbge 11
eb-bbge 68
bbff-bbge 74
ihg-bbge 3
1165
1
fcj-bbgf 55
1166
4
bcde-bbgg 17
bdai-bbgg 39
ca-bbgg 6
gfh-bbgg 11
1167
1
bbei-bbgh 39
1168
4
jab-bbgi 1
bdgi-bbgi 5
bfi-bbgi 21
jgi-bbgi 402
1169
4
bbcj-bbgj 11
hjc-bbgj 1
eah-bbgj 55
bejh-bbgj 65
1170
2
fbe-bbha 39
begi-bbha 321
1171
2
djd-bbhb 23
iec-bbhb 876
1172
3
jdi-bbhc 2
cbh-bbhc 52
bca-bbhc 5
1173
4
ece-bbhd 11
bced-bbhd 35
j-bbhd 93
bdb-bbhd 65
1174
4
fh-bbhe 3
gfe-bbhe 13
bbgb-bbhe 126
id-bbhe 15
1175
3
dia-bbhf 708
baif-bbhf 21
bfec-bbhf 15
1177
2
bcjf-bbhh 47
beee-bbhh 592
1178
2
hgi-bbhi 79
bfge-bbhi 10
1179
1
c-bbhj 7
1180
3
ij-bbia 21
ei-bbia 55
edb-bbia 58
1181
1
bdi-bbib 313
1182
2
iab-bbic 420
befc-bbic 13
1183
1
bbdd-bbid 396
1184
3
def-bbie 55
dee-bbie 26
bbhj-bbie 5
1185
2
bij-bbif 23
dcj-bbif 178
1186
1
cig-bbig 15
1187
2
bfd-bbih 23
gc-bbih 214
1188
2
jhc-bbii 11
bfgf-bbii 1030
1189
3
beci-bbij 5
bbdf-bbij 77
cdd-bbij 1
1190
2
bacb-bbja 154
fec-bbja 658
1191
2
gje-bbjb 3
ffj-bbjb 11
1192
3
bbha-bbjc 2
bhc-bbjc 2
ii-bbjc 44
1193
1
jig-bbjd 31
1194
1
cbd-bbje 523
1195
4
dji-bbjf 3
fcj-bbjf 9
jbg-bbjf 124
haj-bbjf 331
1196
3
hjb-bbjg 5
bagj-bbjg 399
bbfe-bbjg 95
1197
2
jih-bbjh 23
bcjb-bbjh 134
1198
3
bch-bbji 37
hhi-bbji 50
ijh-bbji 34
1199
1
cig-bbjj 15
1200
2
bbie-bcaa 27
bgb-bcaa 226
1201
4
jjj-bcab 3
dfi-bcab 3
bchi-bcab 4
gce-bcab 6
1202
3
fa-bcac 92
hac-bcac 23
had-bcac 10
1203
3
hcd-bcad 1
bdf-bcad 85
bgcb-bcad 186
1204
2
ibg-bcae 146
bdaj-bcae 51
1205
3
jh-bcaf 2
bbha-bcaf 118
bcda-bcaf 364
1206
2
babb-bcag 19
bgch-bcag 253
1207
1
eed-bcah 1804
1208
1
bbcj-bcai 43
1209
1
bbji-bcaj 301
1210
2
ejb-bcba 15
gfc-bcba 7
1211
3
hag-bcbb 26
bdbj-bcbb 161
die-bcbb 206
1212
5
bbai-bcbc 14
bcij-bcbc 11
dbe-bcbc 36
bafj-bcbc 163
ef-bcbc 14
1213
1
baca-bcbd 23
1214
2
gda-bcbe 79
bdd-bcbe 142
1215
2
igc-bcbf 23
bged-bcbf 31
1216
3
iea-bcbg 190
behc-bcbg 34
dbh-bcbg 15
1217
1
bhg-bcbh 7
1218
3
jcf-bcbi 10
jdd-bcbi 44
bfcf-bcbi 7
1219
3
hgc-bcbj 5
bcch-bcbj 2
hjj-bcbj 13
1220
4
fb-bcca 7
bdhj-bcca 7
jfe-bcca 505
behj-bcca 9
1221
3
bcag-bccb 2
egb-bccb 76
cid-bccb 95
1222
1
edj-bccc 7
1223
3
ced-bccd 21
behg-bccd 166
bfed-bccd 356
1224
2
eci-bcce 51
iib-bcce 23
1225
2
bajb-bccf 37
bfhd-bccf 507
1226
2
badf-bccg 35
begg-bccg 122
1227
1
hjg-bcch 31
1228
2
hjd-bcci 1423
bcae-bcci 114
1229
6
hci-bccj 47
dci-bccj 5
cfg-bccj 35
bdeb-bccj 1
gbe-bccj 103
bg-bccj 11
1230
3
dh-bcda 285
beii-bcda 10
ijd-bcda 84
1231
3
baci-bcdb 44
bddd-bcdb 13
bbeb-bcdb 880
1232
4
ghb-bcdc 3
bfga-bcdc 4
bcj-bcdc 23
bccd-bcdc 240
1233
3
bbfh-bcdd 27
bagh-bcdd 114
bdid-bcdd 35
1234
5
gic-bcde 9
cba-bcde 9
baji-bcde 25
bcha-bcde 6
beje-bcde 28
1235
1
bbef-bcdf 563
1236
3
jje-bcdg 66
chc-bcdg 95
hjc-bcdg 282
1237
2
faf-bcdh 39
bchf-bcdh 15
1238
3
cfg-bcdi 91
becb-bcdi 3
hee-bcdi 53
1240
1
becb-bcea 142
1241
2
idj-bceb 43
bfcf-bceb 3
1242
1
dgj-bcec 15
1243
1
bcjd-bced 79
1244
6
gdf-bcee 2
ejh-bcee 2
bdca-bcee 1
bdja-bcee 7
ffd-bcee 5
iai-bcee 5
1245
2
fbj-bcef 237
fbb-bcef 15
1246
1
cca-bceg 31
1247
4
bge-bceh 1
bbdf-bceh 21
bdae-bceh 29
fab-bceh 3
1248
1
bci-bcei 63
1249
3
jfh-bcej 21
ef-bcej 2
gif-bcej 7
1250
2
djh-bcfa 35
jfh-bcfa 1145
1252
2
jbj-bcfc 3
cig-bcfc 23
1253
3
jeh-bcfd 5
beie-bcfd 5
idg-bcfd 142
1254
1
jh-bcfe 35
1255
4
ddd-bcff 11
hfh-bcff 35
iie-bcff 33
begg-bcff 105
1256
2
fjj-bcfg 43
bcje-bcfg 3
1257
1
egd-bcfh 71
1258
1
ihe-bcfi 174
1259
4
jii-bcfj 1
cig-bcfj 7
bchb-bcfj 176
ibc-bcfj 9
1260
1
ghc-bcga 31
1261
2
eai-bcgb 352
jae-bcgb 130
1262
2
bahc-bcgc 7
beih-bcgc 87
1263
1
gba-bcgd 3
1264
3
baih-bcge 44
bddi-bcge 5
bgh-bcge 13
1265
1
bbga-bcgf 372
1266
2
beej-bcgg 5
bfhf-bcgg 837
1267
2
cbj-bcgh 15
bdjg-bcgh 107
1268
4
bfh-bcgi 5
hce-bcgi 61
bge-bcgi 21
fca-bcgi 65
1269
3
bdbg-bcgj 65
beae-bcgj 103
bfci-bcgj 31
1270
2
dgg-bcha 7
deh-bcha 27
1271
2
hhd-bchb 47
bdfj-bchb 309
1272
2
bdb-bchc 15
cej-bchc 158
1273
2
jbd-bchd 166
bdaf-bchd 150
1274
2
gcd-bche 31
becg-bche 31
1275
2
hdj-bchf 51
bfag-bchf 277
1276
4
hhj-bchg 59
hga-bchg 79
idc-bchg 13
bebi-bchg 224
1277
5
cjb-bchh 4
bcjb-bchh 7
bcjj-bchh 60
bbij-bchh 20
hhi-bchh 15
1278
2
bcdj-bchi 35
ifh-bchi 27
1279
1
jcd-bchj 97
1280
5
hid-bcia 3
hhg-bcia 3
ibc-bcia 1
baid-bcia 3
bgec-bcia 30
1281
4
bdcc-bcib 1
bje-bcib 60
bfgd-bcib 61
dde-bcib 19
1283
1
bede-bcid 3
1284
3
bbgh-bcie 23
bebd-bcie 2
eic-bcie 317
1285
2
jhh-bcif 7
bdjb-bcif 23
1286
1
fae-bcig 896
1287
1
cae-bcih 364
1288
3
cga-bcii 26
bafh-bcii 7
jeh-bcii 37
1289
1
ebd-bcij 142
1290
3
ica-bcja 25
hhd-bcja 198
bbfi-bcja 114
1291
2
bcaa-bcjb 59
dba-bcjb 114
1292
2
bbdg-bcjc 18
bbaf-bcjc 18
1293
1
hdf-bcjd 348
1294
1
bbfh-bcje 150
1295
4
dde-bcjf 63
fda-bcjf 1
bdjc-bcjf 109
bedc-bcjf 23
1296
2
jce-bcjg 11
eii-bcjg 79
1297
1
dch-bcjh 15
1298
2
ida-bcji 39
dg-bcji 3
1299
2
fig-bcjj 59
bfgi-bcjj 91
1300
3
eba-bdaa 11
gcj-bdaa 21
edh-bdaa 111
1301
2
iji-bdab 75
bdib-bdab 55
1302
2
gba-bdac 103
cgb-bdac 138
1303
3
dja-bdad 10
ch-bdad 18
jdi-bdad 2
1304
2
bbif-bdae 162
bahi-bdae 174
1305
1
ga-bdaf 301
1306
1
badg-bdag 15
1307
2
ibd-bdah 18
beeg-bdah 10
1308
2
bajh-bdai 31
baij-bdai 67
1309
2
je-bdaj 39
hed-bdaj 43
1310
1
bbch-bdba 118
1311
1
jeh-bdbb 23
1312
1
bcgf-bdbc 15
1314
1
hh-bdbe 87
1315
1
hf-bdbf 7
1316
3
hdj-bdbg 74
ddc-bdbg 71
bfii-bdbg 87
1317
1
jhg-bdbh 356
1318
2
dbc-bdbi 60
bfbc-bdbi 15
1319
4
bbci-bdbj 43
jfa-bdbj 194
dhe-bdbj 93
gid-bdbj 251
1320
1
fej-bdca 15
1321
2
cii-bdcb 55
ibj-bdcb 214
1322
2
iig-bdcc 66
bdhf-bdcc 452
1323
2
bbcb-bdcd 67
bdgd-bdcd 95
1324
1
jfc-bdce 134
1325
1
faa-bdcf 134
1326
1
bce-bdcg 229
1327
2
hgc-bdch 364
cac-bdch 210
1328
2
efh-bdci 154
ci-bdci 39
1329
2
feb-bdcj 341
jjc-bdcj 448
1330
2
efh-bdda 142
bebj-bdda 27
1331
1
bbbg-bddb 23
1333
2
bcbf-bddd 47
daa-bddd 27
1334
2
jif-bdde 51
bid-bdde 7
1335
3
gig-bddf 2
bbbg-bddf 10
bbcc-bddf 15
1336
1
badj-bddg 75
1337
1
bffa-bddh 31
1338
1
fjg-bddi 63
1339
3
bcaf-bddj 409
bj-bddj 13
bbbe-bddj 462
1340
1
dc-bdea 1411
1341
2
jaf-bdeb 87
bdif-bdeb 162
1342
4
ida-bdec 19
cca-bdec 7
bfeg-bdec 1
bfaf-bdec 341
1343
2
bbbi-bded 15
befd-bded 218
1344
3
bcie-bdee 37
gii-bdee 81
cgc-bdee 13
1345
2
hbe-bdef 420
bbeg-bdef 51
1346
3
hdh-bdeg 15
iai-bdeg 7
bgfb-bdeg 15
1347
2
cfc-bdeh 23
ecj-bdeh 7
1348
1
bccd-bdei 166
1349
2
jag-bdej 111
bfaa-bdej 87
1350
3
jjf-bdfa 10
hdb-bdfa 97
bje-bdfa 66
1351
2
icf-bdfb 3
ijg-bdfb 313
1352
1
hdc-bdfc 11
1353
2
bec-bdfd 245
efb-bdfd 47
1354
2
gdf-bdfe 285
bfeg-bdfe 178
1355
1
jga-bdff 1157
1356
2
bib-bdfg 3
bdic-bdfg 47
1357
2
bacc-bdfh 229
bege-bdfh 95
1358
2
jcf-bdfi 31
becc-bdfi 1213
1359
3
bbjf-bdfj 120
cdf-bdfj 1
hae-bdfj 469
1360
4
ihf-bdga 166
begc-bdga 27
ehh-bdga 45
bafa-bdga 85
1361
3
hig-bdgb 37
fca-bdgb 7
bead-bdgb 568
1362
2
bcbd-bdgc 3
eba-bdgc 697
1363
2
gga-bdgd 7
gbc-bdgd 111
1365
3
gdb-bdgf 2
bfbe-bdgf 547
fcc-bdgf 111
1366
1
fbh-bdgg 87
1367
2
ghj-bdgh 31
eea-bdgh 15
1368
2
bdj-bdgi 309
bdjb-bdgi 214
1369
2
hhh-bdgj 7
bgdi-bdgj 31
1370
3
gfj-bdha 1
daj-bdha 3
behi-bdha 11
1371
2
hbh-bdhb 229
haf-bdhb 21
1372
2
jei-bdhc 3
bahg-bdhc 1732
1373
2
bcbg-bdhd 285
bae-bdhd 83
1374
4
bagb-bdhe 568
jjj-bdhe 81
baia-bdhe 5
ecc-bdhe 51
1375
2
bcdh-bdhf 47
bfae-bdhf 634
1376
1
efd-bdhg 206
1377
1
bdfd-bdhh 229
1378
3
ihe-bdhi 63
ccf-bdhi 594
hb-bdhi 42
1379
1
iah-bdhj 55
1380
2
jgg-bdia 186
bgff-bdia 83
1381
1
bcfi-bdib 134
1382
1
hhg-bdic 95
1383
1
beh-bdid 341
1384
1
igc-bdie 150
1385
2
fgc-bdif 103
f-bdif 63
1386
2
bajc-bdig 13
bdge-bdig 1401
1387
1
ijf-bdih 7
1388
2
cch-bdii 226
fbg-bdii 3
1389
1
fbg-bdij 47
1390
2
bbhb-bdja 796
bdeb-bdja 27
1391
1
bchd-bdjb 467
1392
2
ifh-bdjc 87
bfbb-bdjc 134
1393
1
eca-bdjd 475
1394
3
bacj-bdje 55
cge-bdje 5
bbjb-bdje 5
1395
1
jig-bdjf 372
1396
1
bdef-bdjg 372
1397
2
baj-bdjh 7
bfdf-bdjh 55
1398
2
bej-bdji 3
egb-bdji 71
1399
2
cb-bdjj 3
bccf-bdjj 693
1400
2
bcfj-beaa 27
eeb-beaa 23
1401
2
baai-beab 27
bdde-beab 31
1403
2
bib-bead 713
bafg-bead 150
1404
1
bdch-beae 420
1405
1
geb-beaf 39
1406
1
cci-beag 475
1407
3
jie-beah 7
bche-beah 18
bgfc-beah 76
1408
1
ida-beai 348
1409
2
bcea-beaj 19
dea-beaj 277
1410
3
bbf-beba 216
bbcb-beba 100
bfg-beba 26
1411
1
bgf-bebb 23
1412
1
bbah-bebc 55
1413
2
babc-bebd 3
bejj-bebd 63
1414
1
bccd-bebe 245
1415
2
bbfj-bebf 991
ghb-bebf 99
1416
1
idj-bebg 11
1417
2
bbgc-bebh 11
dag-bebh 11
1418
1
fad-bebi 1030
1419
1
bbec-bebj 134
1420
2
ddg-beca 15
jjf-beca 35
1421
3
jed-becb 2
bcg-becb 13
bfbj-becb 84
1422
2
bcc-becc 122
haf-becc 1090
1423
2
fba-becd 404
bbii-becd 804
1424
1
fii-bece 118
1425
2
hce-becf 63
fed-becf 15
1426
1
bagi-becg 190
1427
1
dfj-bech 15
1428
1
bbgj-beci 404
1429
2
bdbi-becj 15
hec-becj 360
1430
3
bc-beda 26
bfhh-beda 444
cbd-beda 378
1431
1
bebd-bedb 87
1432
2
baic-bedc 7
bfaj-bedc 39
1433
1
ceg-bedd 63
1434
2
bbda-bede 594
hf-bede 47
1435
2
ebh-bedf 820
djf-bedf 3
1436
2
gfg-bedg 1
jbg-bedg 53
1437
2
baha-bedh 198
bgai-bedh 290
1438
2
iib-bedi 392
bfba-bedi 3
1439
1
igd-bedj 150
1441
2
hcf-beeb 200
bbee-beeb 43
1442
1
jba-beec 206
1443
3
dgj-beed 1
becd-beed 346
bfih-beed 200
1444
2
hhc-beee 158
eff-beee 1030
1445
2
hhf-beef 35
icf-beef 356
1446
3
he-beeg 81
bdeb-beeg 145
befc-beeg 10
1447
1
bdgc-beeh 1110
1448
1
bdcg-beei 134
1449
1
cge-beej 7
1450
2
cbc-befa 364
ebe-befa 43
1451
1
babd-befb 428
1452
1
bchf-befc 55
1453
3
iia-befd 97
chj-befd 10
dci-befd 34
1454
1
fif-befe 39
1455
2
hc-beff 23
fid-beff 1098
1456
1
bah-befg 396
1457
1
heh-befh 7
1458
1
bahf-befi 15
1459
1
bdgc-befj 261
1460
1
gca-bega 95
1461
1
iie-begb 63
1462
2
ghf-begc 23
bgad-begc 27
1463
1
bdgi-begd 991
1464
2
babb-bege 63
bdci-bege 31
1465
1
dfc-begf 7
1466
2
ifb-begg 317
bfai-begg 79
1467
1
eac-begh 39
1468
1
cff-begi 634
1469
2
bbfb-begj 471
eef-begj 11
1470
3
bebd-beha 7
hcj-beha 129
cji-beha 34
1471
1
bfdh-behb 658
1472
1
ifa-behc 95
1473
1
eda-behd 55
1474
3
baja-behe 39
ihd-behe 37
bgaa-behe 163
1475
1
hdf-behf 71
1476
1
iei-behg 824
1478
2
bjh-behi 55
bgde-behi 420
1479
3
dcd-behj 5
ihb-behj 2
dbd-behj 7
1480
1
ffd-beia 15
1481
1
bdaj-beib 47
1482
3
bbb-beic 29
ec-beic 29
dg-beic 232
1483
2
bdje-beid 83
iai-beid 218
1484
1
cgc-beie 7
1485
3
hfb-beif 68
cii-beif 26
gab-beif 880
1486
2
bedd-beig 15
baf-beig 7
1487
2
dcc-beih 245
ijd-beih 1268
1488
1
cbe-beii 31
1489
2
che-beij 2
bah-beij 116
1490
1
cid-beja 39
1491
1
bace-bejb 63
1493
1
badc-bejd 222
1494
1
baag-beje 174
1495
1
jhi-bejf 118
1496
2
cha-bejg 31
bcag-bejg 158
1497
1
bdaa-bejh 388
1498
2
ifa-beji 35
dcf-beji 83
1499
1
cdg-bejj 206
1500
2
bhf-bfaa 27
ccd-bfaa 59
1501
1
fbi-bfab 23
1503
1
jhc-bfad 174
1504
3
ecc-bfae 206
bfah-bfae 200
bai-bfae 15
1505
2
hbb-bfaf 7
bedh-bfaf 685
1506
2
jai-bfag 471
bdad-bfag 43
1507
1
jbf-bfah 602
1508
1
bcaj-bfai 142
1509
1
bcjd-bfaj 79
1510
1
bdgg-bfba 87
1511
1
hda-bfbb 269
1512
1
ijd-bfbc 95
1513
3
fia-bfbd 50
bbjd-bfbd 5
dcg-bfbd 34
1514
1
behh-bfbe 1649
1515
2
efe-bfbf 951
bdga-bfbf 555
1516
1
hih-bfbg 348
1518
1
jjc-bfbi 39
1519
1
beif-bfbj 269
1520
1
ghc-bfca 753
1521
3
bbba-bfcb 214
gfa-bfcb 18
gaj-bfcb 605
1522
1
gga-bfcc 134
1523
3
ggc-bfcd 23
bdbj-bfcd 570
bcdc-bfcd 409
1524
1
jh-bfce 79
1525
1
bca-bfcf 79
1526
3
cjc-bfcg 325
bfgg-bfcg 34
bgdj-bfcg 150
1527
1
bafe-bfch 507
1528
1
fjb-bfci 134
1529
2
dif-bfcj 43
gh-bfcj 35
1530
2
baai-bfda 210
bgce-bfda 3
1531
1
iih-bfdb 198
1532
1
bfbc-bfdc 39
1533
1
bcgh-bfdd 7
1534
1
jgf-bfde 523
1535
1
ddf-bfdf 103
1537
1
bdec-bfdh 1324
1538
2
ihc-bfdi 19
fgc-bfdi 126
1539
2
bddd-bfdj 59
dgg-bfdj 7
1540
1
jdg-bfea 158
1541
1
ggf-bfeb 404
1542
2
bdge-bfec 15
edg-bfec 15
1543
2
iia-bfed 927
iea-bfed 888
1544
2
dae-bfee 384
fhi-bfee 444
1545
4
ied-bfef 142
bgaf-bfef 13
faa-bfef 33
bgda-bfef 13
1546
1
dfb-bfeg 372
1547
1
fdc-bfeh 95
1548
1
cbf-bfei 23
1549
1
bdia-bfej 39
1550
1
iab-bffa 47
1551
1
bda-bffb 174
1552
1
iai-bffc 39
1553
1
egi-bffd 23
1554
1
jai-bffe 15
1555
1
becg-bfff 126
1556
1
gci-bffg 341
1557
1
ghi-bffh 277
1558
1
ed-bffi 150
1559
1
eda-bffj 356
1560
2
dcg-bfga 3
bfj-bfga 3
1561
2
beif-bfgb 1324
bcfj-bfgb 142
1562
1
bdac-bfgc 111
1563
1
ihj-bfgd 396
1564
1
chj-bfge 23
1565
2
eig-bfgf 19
bgga-bfgf 1015
1566
1
ec-bfgg 103
1567
1
bbie-bfgh 39
1568
3
fea-bfgi 50
bgee-bfgi 5
bgej-bfgi 478
1570
1
cga-bfha 71
1571
1
bhg-bfhb 404
1572
1
dgd-bfhc 63
1573
1
bdgb-bfhd 1847
1575
2
jjj-bfhf 1197
ded-bfhf 55
1576
2
ibi-bfhg 107
bfhi-bfhg 471
1577
1
ibh-bfhh 1332
1578
1
ice-bfhi 1839
1579
2
gih-bfhj 11
bejj-bfhj 35
1580
1
df-bfia 222
1581
1
bdca-bfib 7
1582
2
igc-bfic 75
bgfg-bfic 59
1583
1
hfa-bfid 63
1584
1
ceh-bfie 15
1585
2
dfi-bfif 1165
caa-bfif 23
1587
1
cif-bfih 793
1588
2
edc-bfii 27
hjg-bfii 99
1589
1
gih-bfij 190
1590
1
bie-bfja 134
1591
1
icj-bfjb 182
1592
1
bej-bfjc 222
1593
1
bajd-bfjd 79
1594
1
bfba-bfje 63
1595
1
cdg-bfjf 919
1596
1
bdej-bfjg 364
1597
1
bcga-bfjh 7
1598
1
bebd-bfji 15
1599
1
hhg-bfjj 126
1600
1
bcdd-bgaa 491
1601
1
fga-bgab 253
1602
1
babg-bgac 333
1603
1
bdba-bgad 39
1604
1
bajd-bgae 301
1605
1
beab-bgaf 63
1606
1
bed-bgag 356
1607
1
bdhi-bgah 31
1608
1
baji-bgai 864
1609
1
egb-bgaj 491
1610
1
ddd-bgba 63
1611
1
dib-bgbb 63
1612
1
bba-bgbc 47
1613
2
bfb-bgbd 11
bfje-bgbd 35
1615
1
bbfa-bgbf 39
1616
1
dff-bgbg 253
1617
2
ece-bgbh 27
bgfh-bgbh 79
1618
1
bfjc-bgbi 158
1619
1
cbj-bgbj 142
1620
1
hjh-bgca 15
1621
1
icd-bgcb 745
1622
2
dga-bgcc 380
bdbe-bgcc 23
1624
1
bacd-bgce 7
1625
1
cib-bgcf 864
1626
1
cba-bgcg 1070
1627
1
cga-bgch 491
1628
2
hje-bgci 935
bda-bgci 111
1629
1
beeg-bgcj 674
1630
1
bcai-bgda 63
1631
1
jdd-bgdb 166
1632
1
gbb-bgdc 277
1633
3
bhf-bgdd 18
ede-bgdd 203
bffd-bgdd 2
1634
1
beic-bgde 856
1635
1
bbia-bgdf 150
1636
1
baf-bgdg 158
1637
1
hhh-bgdh 23
1638
2
jdi-bgdi 3
bach-bgdi 27
1639
1
jdb-bgdj 674
1640
1
bcia-bgea 111
1641
1
ega-bgeb 602
1642
2
bacg-bgec 27
djd-bgec 47
1643
1
behi-bged 71
1644
1
hjf-bgee 15
1645
1
fed-bgef 87
1646
1
baca-bgeg 118
1647
1
bece-bgeh 47
1648
1
bgca-bgei 15
1649
1
jej-bgej 1427
1650
1
bddj-bgfa 1847
1651
1
bhh-bgfb 39
1652
1
bfjg-bgfc 229
1653
2
gif-bgfd 1130
ddb-bgfd 19
1654
1
bfcf-bgfe 39
1655
1
bcgh-bgff 166
1656
1
bce-bgfg 118
1657
1
bgbi-bgfh 158
1658
1
bie-bgfi 15
1659
1
eef-bgfj 285
1661
1
bdhg-bggb 63
